2023-12-06T18:00:16.539Z [Log] info: Prueba de registro
2023-12-06T18:03:35.116Z [Log] info: Servidor escuchando en el puerto 3000
2023-12-06T18:03:55.486Z [Log] info: Solicitud recibida: POST /api/v1/usuarios/authenticate
2023-12-06T18:05:34.707Z [Log] info: Servidor escuchando en el puerto 3000
2023-12-06T18:05:56.476Z [Log] info: Servidor escuchando en el puerto 3000
2023-12-06T18:06:12.711Z [Log] info: Servidor escuchando en el puerto 3000
2023-12-06T18:06:40.865Z [Log] info: Servidor escuchando en el puerto 3000
2023-12-06T18:07:26.077Z [Log] info: Servidor escuchando en el puerto 3000
2023-12-06T18:07:30.054Z [Log] info: Solicitud recibida: POST /api/v1/usuarios/authenticate
2023-12-06T18:07:30.084Z [Log] warn: Credenciales incorrectas. Autenticación fallida.
2023-12-06T18:08:35.855Z [Log] info: Solicitud recibida: GET /api/v1/alimentos/2
2023-12-06T18:08:45.804Z [Log] info: Solicitud recibida: GET /api/v1/alimentos/
2023-12-06T18:08:45.806Z [Log] error: Error en la verificación del token:
2023-12-06T18:08:45.807Z [Log] error: Error en la verificación del token: jwt expired
2023-12-06T18:09:29.776Z [Log] info: Servidor escuchando en el puerto 3000
2023-12-06T18:09:46.612Z [Log] info: Servidor escuchando en el puerto 3000
2023-12-06T18:10:59.036Z [Log] info: Servidor escuchando en el puerto 3000
2023-12-06T18:11:41.549Z [Log] info: Servidor escuchando en el puerto 3000
2023-12-06T18:11:49.083Z [Log] info: Servidor escuchando en el puerto 3000
2023-12-06T18:11:55.203Z [Log] info: Servidor escuchando en el puerto 3000
2023-12-06T18:12:06.472Z [Log] info: Solicitud recibida: POST /api/v1/usuarios/authenticate
2023-12-06T18:12:06.502Z [Log] info: Usuario no encontrado en la base de datos
2023-12-06T18:12:06.502Z [Log] info: Autenticación fallida
2023-12-06T18:12:06.503Z [Log] warn: Credenciales incorrectas. Autenticación fallida.
2023-12-06T18:12:45.129Z [Log] info: Servidor escuchando en el puerto 3000
2023-12-06T18:13:22.352Z [Log] info: Servidor escuchando en el puerto 3000
2023-12-06T18:15:02.908Z [Log] info: Servidor escuchando en el puerto 3000
2023-12-06T18:15:08.245Z [Log] info: Servidor escuchando en el puerto 3000
2023-12-06T18:15:14.047Z [Log] info: Servidor escuchando en el puerto 3000
2023-12-06T18:15:20.069Z [Log] info: Servidor escuchando en el puerto 3000
2023-12-06T18:15:24.938Z [Log] info: Servidor escuchando en el puerto 3000
2023-12-06T18:17:55.448Z [Log] info: Servidor escuchando en el puerto 3000
2023-12-06T18:18:03.806Z [Log] info: Solicitud recibida: POST /api/v1/usuarios/authenticate
2023-12-06T18:18:03.880Z [Log] info: Autenticación exitosa
2023-12-06T18:18:03.881Z [Log] info: Autenticación exitosa. Token:
2023-12-06T18:19:06.907Z [Log] info: Solicitud recibida: GET /api/v1/usuarios/36
2023-12-06T18:19:06.929Z [Log] info: getOneUser ejecutado exitosamente para userID: 36
2023-12-06T18:19:18.490Z [Log] info: Solicitud recibida: GET /api/v1/usuarios/
2023-12-06T18:19:18.512Z [Log] info: getAllUsers ejecutado exitosamente
2023-12-06T18:21:45.095Z [Log] info: Servidor escuchando en el puerto 3000
2023-12-06T18:22:02.231Z [Log] info: Servidor escuchando en el puerto 3000
2023-12-06T18:22:35.906Z [Log] info: Servidor escuchando en el puerto 3000
2023-12-06T18:23:25.101Z [Log] info: Servidor escuchando en el puerto 3000
2023-12-06T18:23:31.451Z [Log] info: Solicitud recibida: POST /api/v1/usuarios/
2023-12-06T18:23:31.533Z [Log] info: createNewUser ejecutado exitosamente
2023-12-06T18:23:31.533Z [Log] info: createNewUser ejecutado exitosamente
2023-12-06T18:23:43.761Z [Log] info: Solicitud recibida: PUT /api/v1/usuarios/36
2023-12-06T18:23:43.763Z [Log] error: Error en la verificación del token:
2023-12-06T18:23:43.764Z [Log] error: Error en la verificación del token: jwt expired
2023-12-06T18:23:58.949Z [Log] info: Solicitud recibida: PUT /api/v1/usuarios/36
2023-12-06T18:23:58.951Z [Log] info: Validated Data:
2023-12-06T18:23:58.954Z [Log] info: New Image Path:
2023-12-06T18:23:58.954Z [Log] info: updateOneUser - Actualizando Usuario - ID de Usuario: 36
2023-12-06T18:23:58.954Z [Log] info: Datos Actualizados del Usuario: {}
2023-12-06T18:23:58.954Z [Log] info: Nueva Ruta de la Imagen: null
2023-12-06T18:23:58.979Z [Log] info: updateOneUser - UserID: 36
2023-12-06T20:05:03.510Z [Log] info: Servidor escuchando en el puerto 3000
2023-12-06T20:05:04.276Z [Log] info: Solicitud recibida: POST /api/v1/usuarios/authenticate
2023-12-06T20:05:04.307Z [Log] info: getUserByEmail ejecutado exitosamente para email: mariobj1999@gmail.com
2023-12-06T20:05:04.352Z [Log] info: Autenticación exitosa
2023-12-06T20:05:04.352Z [Log] info: Autenticación exitosa. Token:
2023-12-06T20:37:07.333Z [Log] info: Solicitud recibida: POST /api/v1/usuarios/
2023-12-06T20:37:07.335Z [Log] warn: Validación fallida al crear un nuevo usuario: "email" must be a valid email
2023-12-06T20:37:34.688Z [Log] info: Solicitud recibida: POST /api/v1/usuarios/
2023-12-06T20:37:34.756Z [Log] info: createNewUser ejecutado exitosamente
2023-12-06T20:37:34.756Z [Log] info: createNewUser ejecutado exitosamente
2023-12-06T21:03:29.606Z [Log] info: Solicitud recibida: POST /api/v1/usuarios/
2023-12-06T21:03:29.681Z [Log] info: createNewUser ejecutado exitosamente
2023-12-06T21:03:29.682Z [Log] info: createNewUser ejecutado exitosamente
2023-12-06T23:12:58.770Z [Log] info: Solicitud recibida: POST /api/v1/usuarios/
2023-12-06T23:12:58.836Z [Log] info: createNewUser ejecutado exitosamente
2023-12-06T23:12:58.837Z [Log] info: createNewUser ejecutado exitosamente
2023-12-06T23:22:05.669Z [Log] info: Solicitud recibida: POST /api/v1/usuarios/
2023-12-06T23:22:05.745Z [Log] info: createNewUser ejecutado exitosamente
2023-12-06T23:22:05.745Z [Log] info: createNewUser ejecutado exitosamente
2023-12-06T23:25:18.401Z [Log] info: Solicitud recibida: POST /api/v1/usuarios/
2023-12-06T23:25:18.469Z [Log] info: createNewUser ejecutado exitosamente
2023-12-06T23:25:18.470Z [Log] info: createNewUser ejecutado exitosamente
2023-12-06T23:26:30.273Z [Log] info: Servidor escuchando en el puerto 3000
2023-12-06T23:26:32.613Z [Log] info: Solicitud recibida: POST /api/v1/usuarios/
2023-12-06T23:26:32.687Z [Log] info: createNewUser ejecutado exitosamente
2023-12-06T23:26:32.688Z [Log] info: createNewUser ejecutado exitosamente
2023-12-06T23:27:54.032Z [Log] info: Servidor escuchando en el puerto 3000
2023-12-07T16:27:29.403Z [Log] info: Servidor escuchando en el puerto 3000
2023-12-07T17:17:26.636Z [Log] info: Servidor escuchando en el puerto 3000
2023-12-07T17:17:28.539Z [Log] info: Solicitud recibida: POST /api/v1/usuarios/
2023-12-07T17:17:28.621Z [Log] info: createNewUser ejecutado exitosamente
2023-12-07T17:17:28.621Z [Log] info: createNewUser ejecutado exitosamente
2023-12-07T17:59:12.871Z [Log] info: Solicitud recibida: POST /api/v1/usuarios/authenticate
2023-12-07T17:59:12.895Z [Log] info: getUserByEmail ejecutado exitosamente para email: mariobj1999@gmail.com
2023-12-07T17:59:12.939Z [Log] info: Autenticación exitosa
2023-12-07T17:59:12.939Z [Log] info: Autenticación exitosa. Token:
2023-12-07T18:51:17.026Z [Log] info: Solicitud recibida: POST /api/v1/usuarios/authenticate
2023-12-07T18:51:17.051Z [Log] info: getUserByEmail ejecutado exitosamente para email: asdfasdf
2023-12-07T18:51:17.051Z [Log] info: Usuario no encontrado en la base de datos
2023-12-07T18:51:17.051Z [Log] info: Autenticación fallida
2023-12-07T18:51:17.051Z [Log] warn: Credenciales incorrectas. Autenticación fallida.
2023-12-07T18:54:09.902Z [Log] info: Solicitud recibida: POST /api/v1/usuarios/authenticate
2023-12-07T18:54:09.926Z [Log] info: getUserByEmail ejecutado exitosamente para email: mariobj1999@gmail.com
2023-12-07T18:54:09.970Z [Log] info: Autenticación exitosa
2023-12-07T18:54:09.970Z [Log] info: Autenticación exitosa. Token:
2023-12-07T20:54:25.980Z [Log] info: Solicitud recibida: POST /api/v1/usuarios/authenticate
2023-12-07T20:54:26.004Z [Log] info: getUserByEmail ejecutado exitosamente para email: mariobj1999@gmail.com
2023-12-07T20:54:26.049Z [Log] info: Autenticación exitosa
2023-12-07T20:54:26.049Z [Log] info: Autenticación exitosa. Token:
2023-12-07T21:01:58.356Z [Log] info: Solicitud recibida: POST /api/v1/usuarios/authenticate
2023-12-07T21:01:58.379Z [Log] info: getUserByEmail ejecutado exitosamente para email: mariobj1999@gmail.com
2023-12-07T21:01:58.422Z [Log] info: Autenticación exitosa
2023-12-07T21:01:58.423Z [Log] info: Autenticación exitosa. Token:
2023-12-07T21:04:30.272Z [Log] info: Solicitud recibida: POST /api/v1/usuarios/authenticate
2023-12-07T21:04:30.294Z [Log] info: getUserByEmail ejecutado exitosamente para email: mariobj1999@gmail.com
2023-12-07T21:04:30.338Z [Log] info: Autenticación exitosa
2023-12-07T21:04:30.338Z [Log] info: Autenticación exitosa. Token:
2023-12-07T21:04:56.921Z [Log] info: Solicitud recibida: POST /api/v1/usuarios/authenticate
2023-12-07T21:04:56.944Z [Log] info: getUserByEmail ejecutado exitosamente para email: mariobj1999@gmail.com
2023-12-07T21:04:56.988Z [Log] info: Autenticación exitosa
2023-12-07T21:04:56.988Z [Log] info: Autenticación exitosa. Token:
2023-12-07T21:18:16.491Z [Log] info: Solicitud recibida: POST /api/v1/usuarios/authenticate
2023-12-07T21:18:16.515Z [Log] info: getUserByEmail ejecutado exitosamente para email: mariobj1999@gmail.com
2023-12-07T21:18:16.559Z [Log] info: Autenticación exitosa
2023-12-07T21:18:16.559Z [Log] info: Autenticación exitosa. Token:
2023-12-07T21:18:49.623Z [Log] info: Solicitud recibida: POST /api/v1/usuarios/authenticate
2023-12-07T21:18:49.648Z [Log] info: getUserByEmail ejecutado exitosamente para email: mariobj1999@gmail.com
2023-12-07T21:18:49.692Z [Log] info: Autenticación exitosa
2023-12-07T21:18:49.692Z [Log] info: Autenticación exitosa. Token:
2023-12-07T21:20:05.936Z [Log] info: Solicitud recibida: POST /api/v1/usuarios/authenticate
2023-12-07T21:20:05.958Z [Log] info: getUserByEmail ejecutado exitosamente para email: mariobj1999@gmail.com
2023-12-07T21:20:06.001Z [Log] info: Autenticación exitosa
2023-12-07T21:20:06.002Z [Log] info: Autenticación exitosa. Token:
2023-12-07T21:20:30.896Z [Log] info: Solicitud recibida: POST /api/v1/usuarios/authenticate
2023-12-07T21:20:30.920Z [Log] info: getUserByEmail ejecutado exitosamente para email: mariobj1999@gmail.com
2023-12-07T21:20:30.964Z [Log] info: Autenticación exitosa
2023-12-07T21:20:30.964Z [Log] info: Autenticación exitosa. Token:
2023-12-07T21:20:57.471Z [Log] info: Solicitud recibida: POST /api/v1/usuarios/authenticate
2023-12-07T21:20:57.494Z [Log] info: getUserByEmail ejecutado exitosamente para email: mariobj1999@gmail.com
2023-12-07T21:20:57.537Z [Log] info: Autenticación exitosa
2023-12-07T21:20:57.537Z [Log] info: Autenticación exitosa. Token:
2023-12-07T21:22:59.859Z [Log] info: Solicitud recibida: POST /api/v1/usuarios/authenticate
2023-12-07T21:22:59.883Z [Log] info: getUserByEmail ejecutado exitosamente para email: mariobj1999@gmail.com
2023-12-07T21:22:59.926Z [Log] info: Autenticación exitosa
2023-12-07T21:22:59.926Z [Log] info: Autenticación exitosa. Token:
2023-12-07T21:24:23.913Z [Log] info: Solicitud recibida: POST /api/v1/usuarios/authenticate
2023-12-07T21:24:23.935Z [Log] info: getUserByEmail ejecutado exitosamente para email: mariobj1999@gmail.com
2023-12-07T21:24:23.978Z [Log] info: Autenticación exitosa
2023-12-07T21:24:23.978Z [Log] info: Autenticación exitosa. Token:
2023-12-07T21:25:00.935Z [Log] info: Solicitud recibida: POST /api/v1/usuarios/authenticate
2023-12-07T21:25:00.957Z [Log] info: getUserByEmail ejecutado exitosamente para email: mariobj1999@gmail.com
2023-12-07T21:25:01.000Z [Log] info: Autenticación exitosa
2023-12-07T21:25:01.001Z [Log] info: Autenticación exitosa. Token:
2023-12-07T21:26:39.474Z [Log] info: Solicitud recibida: POST /api/v1/usuarios/authenticate
2023-12-07T21:26:39.497Z [Log] info: getUserByEmail ejecutado exitosamente para email: mariobj1999@gmail.com
2023-12-07T21:26:39.540Z [Log] info: Autenticación exitosa
2023-12-07T21:26:39.541Z [Log] info: Autenticación exitosa. Token:
2023-12-07T21:27:47.214Z [Log] info: Solicitud recibida: POST /api/v1/usuarios/authenticate
2023-12-07T21:27:47.236Z [Log] info: getUserByEmail ejecutado exitosamente para email: mariobj1999@gmail.com
2023-12-07T21:27:47.280Z [Log] info: Autenticación exitosa
2023-12-07T21:27:47.280Z [Log] info: Autenticación exitosa. Token:
2023-12-07T21:27:52.193Z [Log] info: Solicitud recibida: POST /api/v1/usuarios/authenticate
2023-12-07T21:27:52.194Z [Log] info: getUserByEmail ejecutado exitosamente para email: mariobj1999@gmail.com
2023-12-07T21:27:52.238Z [Log] info: Autenticación exitosa
2023-12-07T21:27:52.238Z [Log] info: Autenticación exitosa. Token:
2023-12-07T21:28:01.194Z [Log] info: Solicitud recibida: POST /api/v1/usuarios/authenticate
2023-12-07T21:28:01.195Z [Log] info: getUserByEmail ejecutado exitosamente para email: mariobj1999@gmail.com
2023-12-07T21:28:01.238Z [Log] info: Autenticación exitosa
2023-12-07T21:28:01.239Z [Log] info: Autenticación exitosa. Token:
2023-12-07T21:29:17.031Z [Log] info: Solicitud recibida: POST /api/v1/usuarios/authenticate
2023-12-07T21:29:17.054Z [Log] info: getUserByEmail ejecutado exitosamente para email: mariobj1999@gmail.com
2023-12-07T21:29:17.098Z [Log] info: Autenticación exitosa
2023-12-07T21:29:17.098Z [Log] info: Autenticación exitosa. Token:
2023-12-07T21:29:39.392Z [Log] info: Solicitud recibida: POST /api/v1/usuarios/authenticate
2023-12-07T21:29:39.415Z [Log] info: getUserByEmail ejecutado exitosamente para email: mariobj1999@gmail.com
2023-12-07T21:29:39.458Z [Log] info: Autenticación exitosa
2023-12-07T21:29:39.459Z [Log] info: Autenticación exitosa. Token:
2023-12-07T21:53:56.230Z [Log] info: Servidor escuchando en el puerto 3000
2023-12-07T21:57:47.545Z [Log] info: Servidor escuchando en el puerto 3000
2023-12-07T21:58:08.301Z [Log] info: Servidor escuchando en el puerto 3000
2023-12-07T22:04:59.040Z [Log] info: Servidor escuchando en el puerto 3000
2023-12-07T22:07:16.403Z [Log] info: Servidor escuchando en el puerto 3000
2023-12-07T22:11:06.014Z [Log] info: Servidor escuchando en el puerto 3000
2023-12-07T22:11:55.465Z [Log] info: Servidor escuchando en el puerto 3000
2023-12-07T22:13:12.543Z [Log] info: Servidor escuchando en el puerto 3000
2023-12-07T22:14:32.519Z [Log] info: Servidor escuchando en el puerto 3000
2023-12-07T22:14:48.975Z [Log] info: Servidor escuchando en el puerto 3000
2023-12-07T22:14:59.407Z [Log] info: Solicitud recibida: POST /api/v1/usuarios/authenticate
2023-12-07T22:14:59.437Z [Log] info: getUserByEmail ejecutado exitosamente para email: mariobj1999@gmail.com
2023-12-07T22:14:59.482Z [Log] info: Autenticación exitosa
2023-12-07T22:14:59.483Z [Log] info: Autenticación exitosa. Token:
2023-12-07T22:16:09.983Z [Log] info: Solicitud recibida: POST /api/v1/usuarios/authenticate
2023-12-07T22:16:10.006Z [Log] info: getUserByEmail ejecutado exitosamente para email: mariobj1999@gmail.com
2023-12-07T22:16:10.050Z [Log] info: Autenticación exitosa
2023-12-07T22:16:10.050Z [Log] info: Autenticación exitosa. Token:
2023-12-07T22:56:23.032Z [Log] info: Solicitud recibida: POST /api/v1/usuarios/authenticate
2023-12-07T22:56:23.056Z [Log] info: getUserByEmail ejecutado exitosamente para email: mariobj1999@gmail.com
2023-12-07T22:56:23.099Z [Log] info: Autenticación exitosa
2023-12-07T22:56:23.100Z [Log] info: Autenticación exitosa. Token:
2023-12-07T22:57:27.742Z [Log] info: Solicitud recibida: POST /api/v1/usuarios/authenticate
2023-12-07T22:57:27.766Z [Log] info: getUserByEmail ejecutado exitosamente para email: mariobj1999@gmail.com
2023-12-07T22:57:27.810Z [Log] info: Autenticación exitosa
2023-12-07T22:57:27.810Z [Log] info: Autenticación exitosa. Token:
2023-12-07T22:57:36.463Z [Log] info: Solicitud recibida: POST /api/v1/usuarios/authenticate
2023-12-07T22:57:36.464Z [Log] info: getUserByEmail ejecutado exitosamente para email: mariobj1999@gmail.com
2023-12-07T22:57:36.507Z [Log] info: Autenticación exitosa
2023-12-07T22:57:36.507Z [Log] info: Autenticación exitosa. Token:
2023-12-07T23:01:21.621Z [Log] info: Solicitud recibida: POST /api/v1/usuarios/authenticate
2023-12-07T23:01:21.645Z [Log] info: getUserByEmail ejecutado exitosamente para email: mariobj1999@gmail.com
2023-12-07T23:01:21.690Z [Log] info: Autenticación exitosa
2023-12-07T23:01:21.691Z [Log] info: Autenticación exitosa. Token:
2023-12-07T23:06:31.528Z [Log] info: Solicitud recibida: POST /api/v1/usuarios/authenticate
2023-12-07T23:06:31.554Z [Log] info: getUserByEmail ejecutado exitosamente para email: mariobj1999@gmail.com
2023-12-07T23:06:31.598Z [Log] info: Autenticación exitosa
2023-12-07T23:06:31.598Z [Log] info: Autenticación exitosa. Token:
2023-12-07T23:12:49.652Z [Log] info: Solicitud recibida: POST /api/v1/usuarios/authenticate
2023-12-07T23:12:49.673Z [Log] info: getUserByEmail ejecutado exitosamente para email: mariobj1999@gmail.com
2023-12-07T23:12:49.718Z [Log] info: Autenticación exitosa
2023-12-07T23:12:49.718Z [Log] info: Autenticación exitosa. Token:
2023-12-07T23:13:03.307Z [Log] info: Solicitud recibida: POST /api/v1/usuarios/authenticate
2023-12-07T23:13:03.329Z [Log] info: getUserByEmail ejecutado exitosamente para email: mariobj1999@gmail.com
2023-12-07T23:13:03.372Z [Log] info: Autenticación exitosa
2023-12-07T23:13:03.372Z [Log] info: Autenticación exitosa. Token:
2023-12-07T23:14:33.784Z [Log] info: Solicitud recibida: POST /api/v1/usuarios/authenticate
2023-12-07T23:14:33.807Z [Log] info: getUserByEmail ejecutado exitosamente para email: mariobj1999@gmail.com
2023-12-07T23:14:33.850Z [Log] info: Autenticación exitosa
2023-12-07T23:14:33.850Z [Log] info: Autenticación exitosa. Token:
2023-12-07T23:16:45.793Z [Log] info: Servidor escuchando en el puerto 3000
2023-12-07T23:16:48.344Z [Log] info: Solicitud recibida: POST /api/v1/usuarios/authenticate
2023-12-07T23:16:48.374Z [Log] info: getUserByEmail ejecutado exitosamente para email: mariobj1999@gmail.com
2023-12-07T23:16:48.418Z [Log] info: Autenticación exitosa
2023-12-07T23:16:48.418Z [Log] info: Autenticación exitosa. Token:
2023-12-07T23:16:52.007Z [Log] info: Solicitud recibida: POST /api/v1/usuarios/authenticate
2023-12-07T23:16:52.008Z [Log] info: getUserByEmail ejecutado exitosamente para email: mariobj1999@gmail.com
2023-12-07T23:16:52.051Z [Log] info: Autenticación exitosa
2023-12-07T23:16:52.052Z [Log] info: Autenticación exitosa. Token:
2023-12-07T23:17:44.000Z [Log] info: Solicitud recibida: POST /api/v1/usuarios/authenticate
2023-12-07T23:17:44.023Z [Log] info: getUserByEmail ejecutado exitosamente para email: mariobj1999@gmail.com
2023-12-07T23:17:44.067Z [Log] info: Autenticación exitosa
2023-12-07T23:17:44.067Z [Log] info: Autenticación exitosa. Token:
2023-12-07T23:46:13.470Z [Log] info: Solicitud recibida: POST /api/v1/usuarios/authenticate
2023-12-07T23:46:13.493Z [Log] info: getUserByEmail ejecutado exitosamente para email: mariobj1999@gmail.com
2023-12-07T23:46:13.536Z [Log] info: Autenticación exitosa
2023-12-07T23:46:13.536Z [Log] info: Autenticación exitosa. Token:
2023-12-07T23:51:51.091Z [Log] info: Solicitud recibida: POST /api/v1/usuarios/authenticate
2023-12-07T23:51:51.115Z [Log] info: getUserByEmail ejecutado exitosamente para email: mariobj1999@gmail.com
2023-12-07T23:51:51.159Z [Log] info: Autenticación exitosa
2023-12-07T23:51:51.159Z [Log] info: Autenticación exitosa. Token:
2023-12-07T23:55:37.357Z [Log] info: Solicitud recibida: POST /api/v1/usuarios/authenticate
2023-12-07T23:55:37.381Z [Log] info: getUserByEmail ejecutado exitosamente para email: mariobj1999@gmail.com
2023-12-07T23:55:37.424Z [Log] info: Autenticación exitosa
2023-12-07T23:55:37.424Z [Log] info: Autenticación exitosa. Token:
2023-12-07T23:58:24.024Z [Log] info: Solicitud recibida: POST /api/v1/usuarios/authenticate
2023-12-07T23:58:24.146Z [Log] info: getUserByEmail ejecutado exitosamente para email: mariobj1999@gmail.com
2023-12-07T23:58:24.189Z [Log] info: Autenticación exitosa
2023-12-07T23:58:24.190Z [Log] info: Autenticación exitosa. Token:
2023-12-08T00:00:43.537Z [Log] info: Solicitud recibida: POST /api/v1/usuarios/authenticate
2023-12-08T00:00:43.561Z [Log] info: getUserByEmail ejecutado exitosamente para email: mariobj1999@gmail.com
2023-12-08T00:00:43.604Z [Log] info: Autenticación exitosa
2023-12-08T00:00:43.604Z [Log] info: Autenticación exitosa. Token:
2023-12-08T00:00:45.373Z [Log] info: Solicitud recibida: POST /api/v1/usuarios/authenticate
2023-12-08T00:00:45.374Z [Log] info: getUserByEmail ejecutado exitosamente para email: mariobj1999@gmail.com
2023-12-08T00:00:45.417Z [Log] info: Autenticación exitosa
2023-12-08T00:00:45.417Z [Log] info: Autenticación exitosa. Token:
2023-12-08T00:04:41.237Z [Log] info: Solicitud recibida: POST /api/v1/usuarios/authenticate
2023-12-08T00:04:41.262Z [Log] info: getUserByEmail ejecutado exitosamente para email: mariobj1999@gmail.com
2023-12-08T00:04:41.306Z [Log] info: Autenticación exitosa
2023-12-08T00:04:41.307Z [Log] info: Autenticación exitosa. Token:
2023-12-08T00:06:40.023Z [Log] info: Solicitud recibida: POST /api/v1/usuarios/authenticate
2023-12-08T00:06:40.048Z [Log] info: getUserByEmail ejecutado exitosamente para email: mariobj1999@gmail.com
2023-12-08T00:06:40.092Z [Log] info: Autenticación exitosa
2023-12-08T00:06:40.092Z [Log] info: Autenticación exitosa. Token:
2023-12-08T00:06:47.262Z [Log] info: Solicitud recibida: POST /api/v1/usuarios/authenticate
2023-12-08T00:06:47.263Z [Log] info: getUserByEmail ejecutado exitosamente para email: mariobj1999@gmail.com
2023-12-08T00:06:47.307Z [Log] info: Autenticación exitosa
2023-12-08T00:06:47.308Z [Log] info: Autenticación exitosa. Token:
2023-12-08T00:06:53.942Z [Log] info: Solicitud recibida: POST /api/v1/usuarios/authenticate
2023-12-08T00:06:53.943Z [Log] info: getUserByEmail ejecutado exitosamente para email: mariobj1999@gmail.com
2023-12-08T00:06:53.986Z [Log] info: Autenticación exitosa
2023-12-08T00:06:53.986Z [Log] info: Autenticación exitosa. Token:
2023-12-08T00:06:56.788Z [Log] info: Solicitud recibida: POST /api/v1/usuarios/authenticate
2023-12-08T00:06:56.788Z [Log] info: getUserByEmail ejecutado exitosamente para email: mariobj1999@gmail.com
2023-12-08T00:06:56.831Z [Log] info: Autenticación exitosa
2023-12-08T00:06:56.832Z [Log] info: Autenticación exitosa. Token:
2023-12-08T00:13:59.757Z [Log] info: Solicitud recibida: POST /api/v1/usuarios/authenticate
2023-12-08T00:13:59.780Z [Log] info: getUserByEmail ejecutado exitosamente para email: mariobj1999@gmail.com
2023-12-08T00:13:59.823Z [Log] info: Autenticación exitosa
2023-12-08T00:13:59.823Z [Log] info: Autenticación exitosa. Token:
2023-12-08T00:14:05.041Z [Log] info: Solicitud recibida: POST /api/v1/usuarios/authenticate
2023-12-08T00:14:05.041Z [Log] info: getUserByEmail ejecutado exitosamente para email: mariobj1999@gmail.com
2023-12-08T00:14:05.085Z [Log] info: Autenticación exitosa
2023-12-08T00:14:05.085Z [Log] info: Autenticación exitosa. Token:
2023-12-08T00:14:15.569Z [Log] info: Solicitud recibida: POST /api/v1/usuarios/authenticate
2023-12-08T00:14:15.594Z [Log] info: getUserByEmail ejecutado exitosamente para email: mariobj1999@gmail.com
2023-12-08T00:14:15.637Z [Log] info: Autenticación exitosa
2023-12-08T00:14:15.638Z [Log] info: Autenticación exitosa. Token:
2023-12-08T00:14:23.833Z [Log] info: Solicitud recibida: POST /api/v1/usuarios/authenticate
2023-12-08T00:14:23.833Z [Log] info: getUserByEmail ejecutado exitosamente para email: mariobj1999@gmail.com
2023-12-08T00:14:23.877Z [Log] info: Autenticación exitosa
2023-12-08T00:14:23.877Z [Log] info: Autenticación exitosa. Token:
2023-12-08T00:14:25.526Z [Log] info: Solicitud recibida: POST /api/v1/usuarios/authenticate
2023-12-08T00:14:25.527Z [Log] info: getUserByEmail ejecutado exitosamente para email: mariobj1999@gmail.com
2023-12-08T00:14:25.570Z [Log] info: Autenticación exitosa
2023-12-08T00:14:25.570Z [Log] info: Autenticación exitosa. Token:
2023-12-08T00:14:27.089Z [Log] info: Solicitud recibida: POST /api/v1/usuarios/authenticate
2023-12-08T00:14:27.089Z [Log] info: getUserByEmail ejecutado exitosamente para email: mariobj1999@gmail.com
2023-12-08T00:14:27.132Z [Log] info: Autenticación exitosa
2023-12-08T00:14:27.133Z [Log] info: Autenticación exitosa. Token:
2023-12-08T00:14:41.785Z [Log] info: Solicitud recibida: POST /api/v1/usuarios/authenticate
2023-12-08T00:14:41.810Z [Log] info: getUserByEmail ejecutado exitosamente para email: mariobj1999@gmail.com
2023-12-08T00:14:41.854Z [Log] info: Autenticación exitosa
2023-12-08T00:14:41.854Z [Log] info: Autenticación exitosa. Token:
2023-12-08T00:14:45.718Z [Log] info: Solicitud recibida: POST /api/v1/usuarios/authenticate
2023-12-08T00:14:45.719Z [Log] info: getUserByEmail ejecutado exitosamente para email: mariobj1999@gmail.com
2023-12-08T00:14:45.762Z [Log] info: Autenticación exitosa
2023-12-08T00:14:45.762Z [Log] info: Autenticación exitosa. Token:
2023-12-08T00:14:47.569Z [Log] info: Solicitud recibida: POST /api/v1/usuarios/authenticate
2023-12-08T00:14:47.570Z [Log] info: getUserByEmail ejecutado exitosamente para email: mariobj1999@gmail.com
2023-12-08T00:14:47.613Z [Log] info: Autenticación exitosa
2023-12-08T00:14:47.614Z [Log] info: Autenticación exitosa. Token:
2023-12-08T00:14:49.009Z [Log] info: Solicitud recibida: POST /api/v1/usuarios/authenticate
2023-12-08T00:14:49.010Z [Log] info: getUserByEmail ejecutado exitosamente para email: mariobj1999@gmail.com
2023-12-08T00:14:49.054Z [Log] info: Autenticación exitosa
2023-12-08T00:14:49.054Z [Log] info: Autenticación exitosa. Token:
2023-12-08T00:14:50.353Z [Log] info: Solicitud recibida: POST /api/v1/usuarios/authenticate
2023-12-08T00:14:50.353Z [Log] info: getUserByEmail ejecutado exitosamente para email: mariobj1999@gmail.com
2023-12-08T00:14:50.397Z [Log] info: Autenticación exitosa
2023-12-08T00:14:50.398Z [Log] info: Autenticación exitosa. Token:
2023-12-08T00:23:13.479Z [Log] info: Solicitud recibida: POST /api/v1/usuarios/authenticate
2023-12-08T00:23:13.602Z [Log] info: getUserByEmail ejecutado exitosamente para email: mariobj1999@gmail.com
2023-12-08T00:23:13.645Z [Log] info: Autenticación exitosa
2023-12-08T00:23:13.645Z [Log] info: Autenticación exitosa. Token:
2023-12-08T00:23:20.106Z [Log] info: Solicitud recibida: POST /api/v1/usuarios/authenticate
2023-12-08T00:23:20.107Z [Log] info: getUserByEmail ejecutado exitosamente para email: mariobj1999@gmail.com
2023-12-08T00:23:20.150Z [Log] info: Autenticación exitosa
2023-12-08T00:23:20.150Z [Log] info: Autenticación exitosa. Token:
2023-12-08T00:23:25.371Z [Log] info: Solicitud recibida: POST /api/v1/usuarios/authenticate
2023-12-08T00:23:25.372Z [Log] info: getUserByEmail ejecutado exitosamente para email: mariobj1999@gmail.com
2023-12-08T00:23:25.415Z [Log] info: Autenticación exitosa
2023-12-08T00:23:25.415Z [Log] info: Autenticación exitosa. Token:
2023-12-08T00:23:45.627Z [Log] info: Solicitud recibida: POST /api/v1/usuarios/authenticate
2023-12-08T00:23:45.650Z [Log] info: getUserByEmail ejecutado exitosamente para email: mariobj1999@gmail.com
2023-12-08T00:23:45.692Z [Log] info: Autenticación exitosa
2023-12-08T00:23:45.693Z [Log] info: Autenticación exitosa. Token:
2023-12-08T00:23:48.347Z [Log] info: Solicitud recibida: POST /api/v1/usuarios/authenticate
2023-12-08T00:23:48.348Z [Log] info: getUserByEmail ejecutado exitosamente para email: mariobj1999@gmail.com
2023-12-08T00:23:48.390Z [Log] info: Autenticación exitosa
2023-12-08T00:23:48.390Z [Log] info: Autenticación exitosa. Token:
2023-12-08T00:23:50.027Z [Log] info: Solicitud recibida: POST /api/v1/usuarios/authenticate
2023-12-08T00:23:50.028Z [Log] info: getUserByEmail ejecutado exitosamente para email: mariobj1999@gmail.com
2023-12-08T00:23:50.071Z [Log] info: Autenticación exitosa
2023-12-08T00:23:50.072Z [Log] info: Autenticación exitosa. Token:
2023-12-08T00:23:51.347Z [Log] info: Solicitud recibida: POST /api/v1/usuarios/authenticate
2023-12-08T00:23:51.348Z [Log] info: getUserByEmail ejecutado exitosamente para email: mariobj1999@gmail.com
2023-12-08T00:23:51.391Z [Log] info: Autenticación exitosa
2023-12-08T00:23:51.391Z [Log] info: Autenticación exitosa. Token:
2023-12-08T00:23:52.747Z [Log] info: Solicitud recibida: POST /api/v1/usuarios/authenticate
2023-12-08T00:23:52.748Z [Log] info: getUserByEmail ejecutado exitosamente para email: mariobj1999@gmail.com
2023-12-08T00:23:52.791Z [Log] info: Autenticación exitosa
2023-12-08T00:23:52.791Z [Log] info: Autenticación exitosa. Token:
2023-12-08T00:31:07.166Z [Log] info: Solicitud recibida: POST /api/v1/usuarios/authenticate
2023-12-08T00:31:07.288Z [Log] info: getUserByEmail ejecutado exitosamente para email: mariobj1999@gmail.com
2023-12-08T00:31:07.331Z [Log] info: Autenticación exitosa
2023-12-08T00:31:07.332Z [Log] info: Autenticación exitosa. Token:
2023-12-08T00:33:30.451Z [Log] info: Solicitud recibida: POST /api/v1/usuarios/authenticate
2023-12-08T00:33:30.475Z [Log] info: getUserByEmail ejecutado exitosamente para email: mariobj1999@gmail.com
2023-12-08T00:33:30.518Z [Log] info: Autenticación exitosa
2023-12-08T00:33:30.518Z [Log] info: Autenticación exitosa. Token:
2023-12-08T00:33:50.213Z [Log] info: Solicitud recibida: POST /api/v1/usuarios/authenticate
2023-12-08T00:33:50.237Z [Log] info: getUserByEmail ejecutado exitosamente para email: mariobj1999@gmail.com
2023-12-08T00:33:50.281Z [Log] info: Autenticación exitosa
2023-12-08T00:33:50.281Z [Log] info: Autenticación exitosa. Token:
2023-12-08T00:33:52.406Z [Log] info: Solicitud recibida: POST /api/v1/usuarios/authenticate
2023-12-08T00:33:52.407Z [Log] info: getUserByEmail ejecutado exitosamente para email: mariobj1999@gmail.com
2023-12-08T00:33:52.451Z [Log] info: Autenticación exitosa
2023-12-08T00:33:52.452Z [Log] info: Autenticación exitosa. Token:
2023-12-08T00:40:46.284Z [Log] info: Solicitud recibida: POST /api/v1/usuarios/authenticate
2023-12-08T00:40:46.308Z [Log] info: getUserByEmail ejecutado exitosamente para email: mariobj1999@gmail.com
2023-12-08T00:40:46.351Z [Log] info: Autenticación exitosa
2023-12-08T00:40:46.351Z [Log] info: Autenticación exitosa. Token:
2023-12-08T00:43:07.689Z [Log] info: Solicitud recibida: POST /api/v1/usuarios/authenticate
2023-12-08T00:43:07.713Z [Log] info: getUserByEmail ejecutado exitosamente para email: mariobj1999@gmail.com
2023-12-08T00:43:07.756Z [Log] info: Autenticación exitosa
2023-12-08T00:43:07.756Z [Log] info: Autenticación exitosa. Token:
2023-12-08T00:49:24.805Z [Log] info: Solicitud recibida: POST /api/v1/usuarios/authenticate
2023-12-08T00:49:24.828Z [Log] info: getUserByEmail ejecutado exitosamente para email: mariobj1999@gmail.com
2023-12-08T00:49:24.872Z [Log] info: Autenticación exitosa
2023-12-08T00:49:24.872Z [Log] info: Autenticación exitosa. Token:
2023-12-08T00:49:26.365Z [Log] info: Solicitud recibida: POST /api/v1/usuarios/authenticate
2023-12-08T00:49:26.365Z [Log] info: getUserByEmail ejecutado exitosamente para email: mariobj1999@gmail.com
2023-12-08T00:49:26.409Z [Log] info: Autenticación exitosa
2023-12-08T00:49:26.410Z [Log] info: Autenticación exitosa. Token:
2023-12-08T00:52:19.892Z [Log] info: Solicitud recibida: POST /api/v1/usuarios/authenticate
2023-12-08T00:52:19.921Z [Log] info: getUserByEmail ejecutado exitosamente para email: mariobj1999@gmail.com
2023-12-08T00:52:19.965Z [Log] info: Autenticación exitosa
2023-12-08T00:52:19.965Z [Log] info: Autenticación exitosa. Token:
2023-12-08T00:52:23.548Z [Log] info: Solicitud recibida: POST /api/v1/usuarios/authenticate
2023-12-08T00:52:23.549Z [Log] info: getUserByEmail ejecutado exitosamente para email: mariobj1999@gmail.com
2023-12-08T00:52:23.591Z [Log] info: Autenticación exitosa
2023-12-08T00:52:23.591Z [Log] info: Autenticación exitosa. Token:
2023-12-08T00:52:26.492Z [Log] info: Solicitud recibida: POST /api/v1/usuarios/authenticate
2023-12-08T00:52:26.493Z [Log] info: getUserByEmail ejecutado exitosamente para email: mariobj1999@gmail.com
2023-12-08T00:52:26.536Z [Log] info: Autenticación exitosa
2023-12-08T00:52:26.536Z [Log] info: Autenticación exitosa. Token:
2023-12-08T00:52:28.149Z [Log] info: Solicitud recibida: POST /api/v1/usuarios/authenticate
2023-12-08T00:52:28.150Z [Log] info: getUserByEmail ejecutado exitosamente para email: mariobj1999@gmail.com
2023-12-08T00:52:28.194Z [Log] info: Autenticación exitosa
2023-12-08T00:52:28.195Z [Log] info: Autenticación exitosa. Token:
2023-12-08T01:01:57.411Z [Log] info: Solicitud recibida: POST /api/v1/usuarios/authenticate
2023-12-08T01:01:57.436Z [Log] info: getUserByEmail ejecutado exitosamente para email: mariobj1999@gmail.com
2023-12-08T01:01:57.479Z [Log] info: Autenticación exitosa
2023-12-08T01:01:57.479Z [Log] info: Autenticación exitosa. Token:
2023-12-08T01:02:31.868Z [Log] info: Solicitud recibida: POST /api/v1/usuarios/authenticate
2023-12-08T01:02:31.891Z [Log] info: getUserByEmail ejecutado exitosamente para email: mariobj1999@gmail.com
2023-12-08T01:02:31.935Z [Log] info: Autenticación exitosa
2023-12-08T01:02:31.935Z [Log] info: Autenticación exitosa. Token:
2023-12-08T01:29:43.616Z [Log] info: Solicitud recibida: POST /api/v1/usuarios/authenticate
2023-12-08T01:29:43.639Z [Log] info: getUserByEmail ejecutado exitosamente para email: mariobj1999@gmail.com
2023-12-08T01:29:43.684Z [Log] info: Autenticación exitosa
2023-12-08T01:29:43.684Z [Log] info: Autenticación exitosa. Token:
2023-12-08T02:11:55.873Z [Log] info: Solicitud recibida: POST /api/v1/usuarios/authenticate
2023-12-08T02:11:55.995Z [Log] info: getUserByEmail ejecutado exitosamente para email: mariobj1999@gmail.com
2023-12-08T02:11:56.038Z [Log] info: Autenticación exitosa
2023-12-08T02:11:56.039Z [Log] info: Autenticación exitosa. Token:
2023-12-08T02:19:20.090Z [Log] info: Solicitud recibida: POST /api/v1/usuarios/authenticate
2023-12-08T02:19:20.114Z [Log] info: getUserByEmail ejecutado exitosamente para email: mariobj1999@gmail.com
2023-12-08T02:19:20.158Z [Log] info: Autenticación exitosa
2023-12-08T02:19:20.159Z [Log] info: Autenticación exitosa. Token:
2023-12-08T02:19:20.253Z [Log] info: Solicitud recibida: GET /api/v1/usuarios/
2023-12-08T02:19:20.254Z [Log] error: Acceso no autorizado. Falta el token.
2023-12-08T02:32:44.228Z [Log] info: Solicitud recibida: POST /api/v1/usuarios/authenticate
2023-12-08T02:32:44.250Z [Log] info: getUserByEmail ejecutado exitosamente para email: mariobj1999@gmail.com
2023-12-08T02:32:44.293Z [Log] info: Autenticación exitosa
2023-12-08T02:32:44.293Z [Log] info: Autenticación exitosa. Token:
2023-12-08T02:32:44.389Z [Log] info: Solicitud recibida: GET /api/v1/usuarios/
2023-12-08T02:32:44.391Z [Log] info: getAllUsers ejecutado exitosamente
2023-12-08T02:32:44.391Z [Log] info: getAllUsers ejecutado exitosamente
2023-12-08T02:34:50.548Z [Log] info: Servidor escuchando en el puerto 3000
2023-12-08T02:34:56.924Z [Log] info: Solicitud recibida: POST /api/v1/usuarios/authenticate
2023-12-08T02:34:56.955Z [Log] info: getUserByEmail ejecutado exitosamente para email: mariobj1999@gmail.com
2023-12-08T02:34:57.002Z [Log] info: Autenticación exitosa
2023-12-08T02:34:57.002Z [Log] info: Autenticación exitosa. Token:
2023-12-08T02:34:57.029Z [Log] info: Solicitud recibida: GET /api/v1/usuarios/
2023-12-08T02:34:57.031Z [Log] info: getAllUsers ejecutado exitosamente
2023-12-08T02:34:57.031Z [Log] info: getAllUsers ejecutado exitosamente
2023-12-08T02:36:08.822Z [Log] info: Servidor escuchando en el puerto 3000
2023-12-08T02:36:14.992Z [Log] info: Solicitud recibida: POST /api/v1/usuarios/authenticate
2023-12-08T02:36:15.121Z [Log] info: getUserByEmail ejecutado exitosamente para email: mariobj1999@gmail.com
2023-12-08T02:36:15.165Z [Log] info: Autenticación exitosa
2023-12-08T02:36:15.165Z [Log] info: Autenticación exitosa. Token:
2023-12-08T02:36:15.204Z [Log] info: Solicitud recibida: GET /api/v1/usuarios/
2023-12-08T02:36:15.207Z [Log] info: getAllUsers ejecutado exitosamente
2023-12-08T02:36:15.207Z [Log] info: getAllUsers ejecutado exitosamente
2023-12-08T02:42:21.458Z [Log] info: Solicitud recibida: POST /api/v1/usuarios/authenticate
2023-12-08T02:42:21.481Z [Log] info: getUserByEmail ejecutado exitosamente para email: mariobj1999@gmail.com
2023-12-08T02:42:21.524Z [Log] info: Autenticación exitosa
2023-12-08T02:42:21.524Z [Log] info: Autenticación exitosa. Token:
2023-12-08T02:42:21.556Z [Log] info: Solicitud recibida: GET /api/v1/usuarios/
2023-12-08T02:42:21.558Z [Log] info: getAllUsers ejecutado exitosamente
2023-12-08T02:42:21.558Z [Log] info: getAllUsers ejecutado exitosamente
2023-12-08T02:42:45.159Z [Log] info: Solicitud recibida: POST /api/v1/usuarios/authenticate
2023-12-08T02:42:45.181Z [Log] info: getUserByEmail ejecutado exitosamente para email: mariobj1999@gmail.com
2023-12-08T02:42:45.224Z [Log] info: Autenticación exitosa
2023-12-08T02:42:45.225Z [Log] info: Autenticación exitosa. Token:
2023-12-08T02:42:45.250Z [Log] info: Solicitud recibida: GET /api/v1/usuarios/
2023-12-08T02:42:45.251Z [Log] info: getAllUsers ejecutado exitosamente
2023-12-08T02:42:45.251Z [Log] info: getAllUsers ejecutado exitosamente
2023-12-08T02:54:10.758Z [Log] info: Solicitud recibida: POST /api/v1/usuarios/authenticate
2023-12-08T02:54:10.780Z [Log] info: getUserByEmail ejecutado exitosamente para email: mariobj1999@gmail.com
2023-12-08T02:54:10.824Z [Log] info: Autenticación exitosa
2023-12-08T02:54:10.824Z [Log] info: Autenticación exitosa. Token:
2023-12-08T02:54:10.867Z [Log] info: Solicitud recibida: GET /api/v1/usuarios/
2023-12-08T02:54:10.868Z [Log] info: getAllUsers ejecutado exitosamente
2023-12-08T02:54:10.868Z [Log] info: getAllUsers ejecutado exitosamente
2023-12-08T02:55:11.022Z [Log] info: Solicitud recibida: POST /api/v1/usuarios/authenticate
2023-12-08T02:55:11.046Z [Log] info: getUserByEmail ejecutado exitosamente para email: mariobj1999@gmail.com
2023-12-08T02:55:11.089Z [Log] info: Autenticación exitosa
2023-12-08T02:55:11.089Z [Log] info: Autenticación exitosa. Token:
2023-12-08T02:55:11.136Z [Log] info: Solicitud recibida: GET /api/v1/usuarios/
2023-12-08T02:55:11.138Z [Log] info: getAllUsers ejecutado exitosamente
2023-12-08T02:55:11.138Z [Log] info: getAllUsers ejecutado exitosamente
2023-12-08T02:55:27.230Z [Log] info: Solicitud recibida: POST /api/v1/usuarios/authenticate
2023-12-08T02:55:27.251Z [Log] info: getUserByEmail ejecutado exitosamente para email: mariobj1999@gmail.com
2023-12-08T02:55:27.296Z [Log] info: Autenticación exitosa
2023-12-08T02:55:27.296Z [Log] info: Autenticación exitosa. Token:
2023-12-08T02:55:27.359Z [Log] info: Solicitud recibida: GET /api/v1/usuarios/
2023-12-08T02:55:27.360Z [Log] info: getAllUsers ejecutado exitosamente
2023-12-08T02:55:27.361Z [Log] info: getAllUsers ejecutado exitosamente
2023-12-08T02:56:26.671Z [Log] info: Solicitud recibida: POST /api/v1/usuarios/authenticate
2023-12-08T02:56:26.692Z [Log] info: getUserByEmail ejecutado exitosamente para email: mariobj1999@gmail.com
2023-12-08T02:56:26.735Z [Log] info: Autenticación exitosa
2023-12-08T02:56:26.735Z [Log] info: Autenticación exitosa. Token:
2023-12-08T02:56:26.775Z [Log] info: Solicitud recibida: GET /api/v1/usuarios/
2023-12-08T02:56:26.776Z [Log] info: getAllUsers ejecutado exitosamente
2023-12-08T02:56:26.776Z [Log] info: getAllUsers ejecutado exitosamente
2023-12-08T02:56:39.150Z [Log] info: Solicitud recibida: POST /api/v1/usuarios/authenticate
2023-12-08T02:56:39.173Z [Log] info: getUserByEmail ejecutado exitosamente para email: mariobj1999@gmail.com
2023-12-08T02:56:39.216Z [Log] info: Autenticación exitosa
2023-12-08T02:56:39.217Z [Log] info: Autenticación exitosa. Token:
2023-12-08T02:56:39.260Z [Log] info: Solicitud recibida: GET /api/v1/usuarios/
2023-12-08T02:56:39.261Z [Log] info: getAllUsers ejecutado exitosamente
2023-12-08T02:56:39.262Z [Log] info: getAllUsers ejecutado exitosamente
2023-12-08T02:56:56.806Z [Log] info: Solicitud recibida: POST /api/v1/usuarios/authenticate
2023-12-08T02:56:56.829Z [Log] info: getUserByEmail ejecutado exitosamente para email: mariobj1999@gmail.com
2023-12-08T02:56:56.872Z [Log] info: Autenticación exitosa
2023-12-08T02:56:56.872Z [Log] info: Autenticación exitosa. Token:
2023-12-08T02:56:56.914Z [Log] info: Solicitud recibida: GET /api/v1/usuarios/
2023-12-08T02:56:56.915Z [Log] info: getAllUsers ejecutado exitosamente
2023-12-08T02:56:56.915Z [Log] info: getAllUsers ejecutado exitosamente
2023-12-08T02:58:08.191Z [Log] info: Solicitud recibida: POST /api/v1/usuarios/authenticate
2023-12-08T02:58:08.212Z [Log] info: getUserByEmail ejecutado exitosamente para email: mariobj1999@gmail.com
2023-12-08T02:58:08.255Z [Log] info: Autenticación exitosa
2023-12-08T02:58:08.255Z [Log] info: Autenticación exitosa. Token:
2023-12-08T02:58:08.309Z [Log] info: Solicitud recibida: GET /api/v1/usuarios/
2023-12-08T02:58:08.311Z [Log] info: getAllUsers ejecutado exitosamente
2023-12-08T02:58:08.311Z [Log] info: getAllUsers ejecutado exitosamente
2023-12-08T02:58:28.519Z [Log] info: Solicitud recibida: POST /api/v1/usuarios/authenticate
2023-12-08T02:58:28.542Z [Log] info: getUserByEmail ejecutado exitosamente para email: mariobj1999@gmail.com
2023-12-08T02:58:28.586Z [Log] info: Autenticación exitosa
2023-12-08T02:58:28.586Z [Log] info: Autenticación exitosa. Token:
2023-12-08T02:58:28.622Z [Log] info: Solicitud recibida: GET /api/v1/usuarios/
2023-12-08T02:58:28.623Z [Log] info: getAllUsers ejecutado exitosamente
2023-12-08T02:58:28.623Z [Log] info: getAllUsers ejecutado exitosamente
2023-12-08T03:02:22.281Z [Log] info: Solicitud recibida: POST /api/v1/usuarios/authenticate
2023-12-08T03:02:22.302Z [Log] info: getUserByEmail ejecutado exitosamente para email: mariobj1999@gmail.com
2023-12-08T03:02:22.345Z [Log] info: Autenticación exitosa
2023-12-08T03:02:22.345Z [Log] info: Autenticación exitosa. Token:
2023-12-08T03:02:22.387Z [Log] info: Solicitud recibida: GET /api/v1/usuarios/
2023-12-08T03:02:22.388Z [Log] info: getAllUsers ejecutado exitosamente
2023-12-08T03:02:22.388Z [Log] info: getAllUsers ejecutado exitosamente
2023-12-08T03:02:45.568Z [Log] info: Solicitud recibida: POST /api/v1/usuarios/authenticate
2023-12-08T03:02:45.590Z [Log] info: getUserByEmail ejecutado exitosamente para email: mariobj1999@gmail.com
2023-12-08T03:02:45.633Z [Log] info: Autenticación exitosa
2023-12-08T03:02:45.633Z [Log] info: Autenticación exitosa. Token:
2023-12-08T03:02:45.678Z [Log] info: Solicitud recibida: GET /api/v1/usuarios/
2023-12-08T03:02:45.679Z [Log] info: getAllUsers ejecutado exitosamente
2023-12-08T03:02:45.679Z [Log] info: getAllUsers ejecutado exitosamente
2023-12-08T03:06:38.801Z [Log] info: Solicitud recibida: POST /api/v1/usuarios/authenticate
2023-12-08T03:06:38.824Z [Log] info: getUserByEmail ejecutado exitosamente para email: mariobj1999@gmail.com
2023-12-08T03:06:38.868Z [Log] info: Autenticación exitosa
2023-12-08T03:06:38.868Z [Log] info: Autenticación exitosa. Token:
2023-12-08T03:06:38.906Z [Log] info: Solicitud recibida: GET /api/v1/usuarios/
2023-12-08T03:06:38.907Z [Log] info: getAllUsers ejecutado exitosamente
2023-12-08T03:06:38.907Z [Log] info: getAllUsers ejecutado exitosamente
2023-12-08T03:07:10.697Z [Log] info: Solicitud recibida: POST /api/v1/usuarios/authenticate
2023-12-08T03:07:10.818Z [Log] info: getUserByEmail ejecutado exitosamente para email: mariobj1999@gmail.com
2023-12-08T03:07:10.861Z [Log] info: Autenticación exitosa
2023-12-08T03:07:10.861Z [Log] info: Autenticación exitosa. Token:
2023-12-08T03:07:10.909Z [Log] info: Solicitud recibida: GET /api/v1/usuarios/
2023-12-08T03:07:10.910Z [Log] info: getAllUsers ejecutado exitosamente
2023-12-08T03:07:10.911Z [Log] info: getAllUsers ejecutado exitosamente
2023-12-08T03:20:57.390Z [Log] info: Solicitud recibida: POST /api/v1/usuarios/authenticate
2023-12-08T03:20:57.414Z [Log] info: getUserByEmail ejecutado exitosamente para email: mariobj1999@gmail.com
2023-12-08T03:20:57.457Z [Log] info: Autenticación exitosa
2023-12-08T03:20:57.458Z [Log] info: Autenticación exitosa. Token:
2023-12-08T03:20:57.497Z [Log] info: Solicitud recibida: GET /api/v1/usuarios/
2023-12-08T03:20:57.498Z [Log] info: getAllUsers ejecutado exitosamente
2023-12-08T03:20:57.498Z [Log] info: getAllUsers ejecutado exitosamente
2023-12-08T03:21:11.570Z [Log] info: Solicitud recibida: POST /api/v1/usuarios/authenticate
2023-12-08T03:21:11.593Z [Log] info: getUserByEmail ejecutado exitosamente para email: mariobj1999@gmail.com
2023-12-08T03:21:11.636Z [Log] info: Autenticación exitosa
2023-12-08T03:21:11.636Z [Log] info: Autenticación exitosa. Token:
2023-12-08T03:21:11.665Z [Log] info: Solicitud recibida: GET /api/v1/usuarios/
2023-12-08T03:21:11.667Z [Log] info: getAllUsers ejecutado exitosamente
2023-12-08T03:21:11.667Z [Log] info: getAllUsers ejecutado exitosamente
2023-12-08T03:34:34.225Z [Log] info: Solicitud recibida: POST /api/v1/usuarios/authenticate
2023-12-08T03:34:34.248Z [Log] info: getUserByEmail ejecutado exitosamente para email: mariobj1999@gmail.com
2023-12-08T03:34:34.291Z [Log] info: Autenticación exitosa
2023-12-08T03:34:34.291Z [Log] info: Autenticación exitosa. Token:
2023-12-08T03:34:34.337Z [Log] info: Solicitud recibida: GET /api/v1/usuarios/
2023-12-08T03:34:34.339Z [Log] info: getAllUsers ejecutado exitosamente
2023-12-08T03:34:34.339Z [Log] info: getAllUsers ejecutado exitosamente
2023-12-08T19:27:12.328Z [Log] info: Servidor escuchando en el puerto 3000
2023-12-08T19:27:22.004Z [Log] info: Servidor escuchando en el puerto 3000
2023-12-08T19:53:57.657Z [Log] info: Servidor escuchando en el puerto 3000
2023-12-08T19:55:59.882Z [Log] info: Solicitud recibida: GET /api/v1/alimentos/
2023-12-08T19:55:59.885Z [Log] error: Error en la verificación del token:
2023-12-08T19:55:59.885Z [Log] error: Error en la verificación del token: jwt expired
2023-12-08T19:56:04.159Z [Log] info: Solicitud recibida: POST /api/v1/usuarios/authenticate
2023-12-08T19:56:04.205Z [Log] info: getUserByEmail ejecutado exitosamente para email: mariobj1999@gmail.com
2023-12-08T19:56:04.251Z [Log] info: Autenticación exitosa
2023-12-08T19:56:04.252Z [Log] info: Autenticación exitosa. Token:
2023-12-08T19:56:21.529Z [Log] info: Solicitud recibida: GET /api/v1/alimentos?query=manzana
2023-12-08T19:56:21.531Z [Log] info: Buscando en la external API: manzana
2023-12-08T19:56:21.564Z [Log] info: getAlimentosByNameAndUserId ejecutado exitosamente para nombre: manzana, id_usuario: 47
2023-12-08T19:56:21.564Z [Log] info: getLocalAlimentosByNameAndUserId ejecutado exitosamente para name: manzana y id_usuario: 47
2023-12-08T19:56:22.609Z [Log] info: getExternalAlimentos ejecutado exitosamente para query: manzana
2023-12-08T19:56:45.668Z [Log] info: Solicitud recibida: GET /api/v1/alimentos
2023-12-08T19:56:45.690Z [Log] info: getAlimentosByUserId ejecutado exitosamente para id_usuario: 47
2023-12-08T19:56:45.691Z [Log] info: getLocalAlimentosByUserId ejecutado exitosamente para id_usuario: 47
2023-12-08T19:56:48.271Z [Log] info: Solicitud recibida: GET /api/v1/alimentos/
2023-12-08T19:56:48.273Z [Log] info: getAlimentosByUserId ejecutado exitosamente para id_usuario: 47
2023-12-08T19:56:48.273Z [Log] info: getLocalAlimentosByUserId ejecutado exitosamente para id_usuario: 47
2023-12-08T20:21:22.554Z [Log] info: Servidor escuchando en el puerto 3000
2023-12-08T20:34:43.948Z [Log] info: Servidor escuchando en el puerto 3000
2023-12-08T20:35:20.022Z [Log] info: Servidor escuchando en el puerto 3000
2023-12-08T20:38:21.722Z [Log] info: Servidor escuchando en el puerto 3000
2023-12-08T20:38:34.613Z [Log] info: Servidor escuchando en el puerto 3000
2023-12-08T20:39:07.436Z [Log] info: Solicitud recibida: POST /api/v1/usuarios/
2023-12-08T20:39:07.511Z [Log] info: createNewUser ejecutado exitosamente
2023-12-08T20:39:07.511Z [Log] info: createNewUser ejecutado exitosamente
2023-12-08T20:39:07.513Z [Log] info: createObjetivoForUser ejecutado exitosamente para el usuario 50
2023-12-08T20:40:21.108Z [Log] info: Solicitud recibida: GET /api/v1/objetivos/50
2023-12-08T20:42:16.712Z [Log] info: Servidor escuchando en el puerto 3000
2023-12-08T20:42:19.696Z [Log] info: Solicitud recibida: GET /api/v1/objetivos/50
2023-12-08T20:42:39.846Z [Log] info: Solicitud recibida: GET /api/v1/objetivo/50
2023-12-08T20:43:07.933Z [Log] info: Servidor escuchando en el puerto 3000
2023-12-08T20:43:09.861Z [Log] info: Solicitud recibida: GET /api/v1/objetivo/50
2023-12-08T20:43:21.401Z [Log] info: Solicitud recibida: GET /api/v1/objetivo
2023-12-08T20:50:03.296Z [Log] info: Servidor escuchando en el puerto 3000
2023-12-08T20:50:15.627Z [Log] info: Servidor escuchando en el puerto 3000
2023-12-08T20:50:19.584Z [Log] info: Servidor escuchando en el puerto 3000
2023-12-08T20:50:27.450Z [Log] info: Solicitud recibida: GET /api/v1/objetivo
2023-12-08T20:52:30.685Z [Log] info: Solicitud recibida: GET /api/v1/objetivo/
2023-12-08T20:52:34.535Z [Log] info: Solicitud recibida: GET /api/v1/objetivo/50
2023-12-08T20:53:51.658Z [Log] info: Servidor escuchando en el puerto 3000
2023-12-08T20:54:55.891Z [Log] info: Servidor escuchando en el puerto 3000
2023-12-08T20:54:58.537Z [Log] info: Solicitud recibida: GET /api/v1/objetivo/50
2023-12-08T20:55:05.323Z [Log] info: Servidor escuchando en el puerto 3000
2023-12-08T20:56:43.095Z [Log] info: Solicitud recibida: GET /api/v1/perfil/50
2023-12-08T20:56:43.124Z [Log] info: getObjetivoForUser ejecutado exitosamente para el usuario 50
2023-12-08T21:00:57.284Z [Log] info: Servidor escuchando en el puerto 3000
2023-12-08T21:01:22.238Z [Log] info: Servidor escuchando en el puerto 3000
2023-12-08T21:03:17.238Z [Log] info: Servidor escuchando en el puerto 3000
2023-12-08T21:03:20.399Z [Log] info: Solicitud recibida: POST /api/v1/usuarios/
2023-12-08T21:03:20.429Z [Log] info: getUserByNicknameOrEmail ejecutado exitosamente
2023-12-08T21:03:20.430Z [Log] warn: Ya existe un usuario con el mismo nickname o correo.
2023-12-08T21:03:20.432Z [Log] error: Error en createObjetivoForUser: el valor nulo en la columna «id» de la relación «objetivo» viola la restricción de no nulo
2023-12-08T21:03:20.433Z [Log] error: Error en createObjetivoForUser: el valor nulo en la columna «id» de la relación «objetivo» viola la restricción de no nulo
2023-12-08T21:03:20.433Z [Log] error: Error al crear un nuevo usuario: el valor nulo en la columna «id» de la relación «objetivo» viola la restricción de no nulo
2023-12-08T21:06:42.291Z [Log] info: Servidor escuchando en el puerto 3000
2023-12-08T21:06:44.753Z [Log] info: Solicitud recibida: POST /api/v1/usuarios/
2023-12-08T21:06:44.783Z [Log] info: getUserByNicknameOrEmail ejecutado exitosamente
2023-12-08T21:06:44.783Z [Log] warn: Ya existe un usuario con el mismo nickname o correo.
2023-12-08T21:07:30.632Z [Log] info: Servidor escuchando en el puerto 3000
2023-12-08T21:07:31.729Z [Log] info: Solicitud recibida: POST /api/v1/usuarios/
2023-12-08T21:07:31.758Z [Log] info: getUserByNicknameOrEmail ejecutado exitosamente
2023-12-08T21:07:31.758Z [Log] warn: Ya existe un usuario con el mismo nickname o correo.
2023-12-08T21:07:37.863Z [Log] info: Solicitud recibida: POST /api/v1/usuarios/
2023-12-08T21:07:37.864Z [Log] info: getUserByNicknameOrEmail ejecutado exitosamente
2023-12-08T21:07:37.864Z [Log] warn: Ya existe un usuario con el mismo nickname o correo.
2023-12-08T21:07:48.303Z [Log] info: Solicitud recibida: POST /api/v1/usuarios/
2023-12-08T21:07:48.324Z [Log] info: getUserByNicknameOrEmail ejecutado exitosamente
2023-12-08T21:07:48.325Z [Log] warn: Ya existe un usuario con el mismo nickname o correo.
2023-12-08T21:09:55.301Z [Log] info: Solicitud recibida: POST /api/v1/usuarios/
2023-12-08T21:09:55.323Z [Log] info: getUserByNicknameOrEmail ejecutado exitosamente
2023-12-08T21:09:55.323Z [Log] warn: Ya existe un usuario con el mismo nickname o correo.
2023-12-08T21:09:59.881Z [Log] info: Solicitud recibida: POST /api/v1/usuarios/
2023-12-08T21:09:59.882Z [Log] info: getUserByNicknameOrEmail ejecutado exitosamente
2023-12-08T21:09:59.972Z [Log] info: createNewUser ejecutado exitosamente
2023-12-08T21:09:59.972Z [Log] info: createNewUser ejecutado exitosamente
2023-12-08T21:09:59.973Z [Log] info: createObjetivoForUser ejecutado exitosamente para el usuario 51
2023-12-08T21:10:29.284Z [Log] info: Solicitud recibida: POST /api/v1/usuarios/
2023-12-08T21:10:29.306Z [Log] info: getUserByNicknameOrEmail ejecutado exitosamente
2023-12-08T21:10:29.306Z [Log] warn: Ya existe un usuario con el mismo nickname o correo.
2023-12-08T21:16:12.280Z [Log] info: Servidor escuchando en el puerto 3000
2023-12-08T21:17:16.404Z [Log] info: Servidor escuchando en el puerto 3000
2023-12-08T21:18:04.899Z [Log] info: Servidor escuchando en el puerto 3000
2023-12-08T21:18:23.259Z [Log] info: Servidor escuchando en el puerto 3000
2023-12-08T21:18:44.713Z [Log] info: Servidor escuchando en el puerto 3000
2023-12-08T21:18:46.096Z [Log] info: Servidor escuchando en el puerto 3000
2023-12-08T21:20:43.859Z [Log] info: Servidor escuchando en el puerto 3000
2023-12-08T21:20:51.480Z [Log] info: Solicitud recibida: DELETE /api/v1/usuarios/51
2023-12-08T21:20:51.481Z [Log] error: Acceso no autorizado. Falta el token.
2023-12-08T21:21:00.798Z [Log] info: Solicitud recibida: POST /api/v1/usuarios/authenticate
2023-12-08T21:21:00.827Z [Log] info: getUserByEmail ejecutado exitosamente para email: mariobj1999@gmail.com
2023-12-08T21:21:00.871Z [Log] info: Autenticación exitosa
2023-12-08T21:21:00.872Z [Log] info: Autenticación exitosa. Token:
2023-12-08T21:21:16.012Z [Log] info: Solicitud recibida: DELETE /api/v1/usuarios/51
2023-12-08T21:21:16.037Z [Log] info: deleteObjetivoForUser ejecutado exitosamente para el usuario 51
2023-12-08T21:21:16.150Z [Log] info: Eliminando la imagen anterior - Ruta: ./uploads/null
2023-12-08T21:21:16.150Z [Log] error: Error al eliminar la imagen anterior: ENOENT: no such file or directory, unlink 'C:\Users\Mario\Documents\Proyecto_FINAL\Servidor Node\uploads\null'
2023-12-08T21:21:16.151Z [Log] info: deleteOneUser - UserID: 51
2023-12-08T21:21:16.157Z [Log] info: deleteOneUser ejecutado exitosamente para userID: 51
2023-12-08T21:22:42.906Z [Log] info: Solicitud recibida: DELETE /api/v1/usuarios/51
2023-12-08T21:22:42.930Z [Log] info: deleteObjetivoForUser ejecutado exitosamente para el usuario 51
2023-12-08T21:22:42.931Z [Log] info: deleteOneUser - UserID: 51
2023-12-08T21:22:42.931Z [Log] info: deleteOneUser ejecutado exitosamente para userID: 51
2023-12-08T21:25:04.632Z [Log] info: Solicitud recibida: PUT /api/v1/perfil/50
2023-12-08T21:25:04.658Z [Log] error: Error en updateObjetivoForUser: el valor nulo en la columna «objetivo_calorias» de la relación «objetivo» viola la restricción de no nulo
2023-12-08T21:25:04.659Z [Log] error: Error en updateObjetivoForUser: el valor nulo en la columna «objetivo_calorias» de la relación «objetivo» viola la restricción de no nulo
2023-12-08T21:25:04.659Z [Log] error: Error al actualizar el objetivo para el usuario 50: el valor nulo en la columna «objetivo_calorias» de la relación «objetivo» viola la restricción de no nulo
2023-12-08T21:25:50.074Z [Log] info: Solicitud recibida: PUT /api/v1/perfil/50
2023-12-08T21:25:50.095Z [Log] info: updateObjetivoForUser ejecutado exitosamente para el usuario 50
2023-12-08T21:40:28.413Z [Log] info: Servidor escuchando en el puerto 3000
2023-12-08T21:41:19.054Z [Log] info: Servidor escuchando en el puerto 3000
2023-12-08T21:41:33.076Z [Log] info: Solicitud recibida: POST /api/v1/usuarios/
2023-12-08T21:41:33.107Z [Log] info: getUserByNicknameOrEmail ejecutado exitosamente
2023-12-08T21:41:33.204Z [Log] info: createNewUser ejecutado exitosamente
2023-12-08T21:41:33.204Z [Log] info: createNewUser ejecutado exitosamente
2023-12-08T21:41:33.206Z [Log] info: createObjetivoForUser ejecutado exitosamente para el usuario 52
2023-12-08T21:42:54.182Z [Log] info: Solicitud recibida: GET /api/v1/usuarios/
2023-12-08T21:42:54.184Z [Log] error: Error en la verificación del token:
2023-12-08T21:42:54.185Z [Log] error: Error en la verificación del token: jwt expired
2023-12-08T21:42:57.521Z [Log] info: Solicitud recibida: POST /api/v1/usuarios/authenticate
2023-12-08T21:42:57.545Z [Log] info: getUserByEmail ejecutado exitosamente para email: mariobj1999@gmail.com
2023-12-08T21:42:57.591Z [Log] info: Autenticación exitosa
2023-12-08T21:42:57.592Z [Log] info: Autenticación exitosa. Token:
2023-12-08T21:43:08.486Z [Log] info: Solicitud recibida: GET /api/v1/usuarios/
2023-12-08T21:43:08.508Z [Log] info: getAllUsers ejecutado exitosamente
2023-12-08T21:43:08.509Z [Log] info: getAllUsers ejecutado exitosamente
2023-12-08T21:43:17.764Z [Log] info: Solicitud recibida: DELETE /api/v1/usuarios/52
2023-12-08T21:43:17.766Z [Log] info: Eliminando la imagen anterior - Ruta: ./uploads/null
2023-12-08T21:43:17.767Z [Log] error: Error al eliminar la imagen anterior: ENOENT: no such file or directory, unlink 'C:\Users\Mario\Documents\Proyecto_FINAL\Servidor Node\uploads\null'
2023-12-08T21:43:17.767Z [Log] info: deleteOneUser - UserID: 52
2023-12-08T21:43:17.775Z [Log] error: Error en deleteOneUser: update o delete en «usuario» viola la llave foránea «fk_objetivo_usuario» en la tabla «objetivo»
2023-12-08T21:43:17.775Z [Log] error: Error en deleteOneUser: update o delete en «usuario» viola la llave foránea «fk_objetivo_usuario» en la tabla «objetivo»
2023-12-08T21:43:17.789Z [Log] info: deleteObjetivoForUser ejecutado exitosamente para el usuario 52
2023-12-08T21:44:58.971Z [Log] info: Servidor escuchando en el puerto 3000
2023-12-08T21:45:31.704Z [Log] info: Servidor escuchando en el puerto 3000
2023-12-08T21:45:38.954Z [Log] info: Solicitud recibida: POST /api/v1/usuarios/
2023-12-08T21:45:38.983Z [Log] info: getUserByNicknameOrEmail ejecutado exitosamente
2023-12-08T21:45:39.081Z [Log] info: createNewUser ejecutado exitosamente
2023-12-08T21:45:39.081Z [Log] info: createNewUser ejecutado exitosamente
2023-12-08T21:45:39.081Z [Log] error: Error al crear un nuevo usuario: preferenciaService is not defined
2023-12-08T21:45:39.084Z [Log] info: createObjetivoForUser ejecutado exitosamente para el usuario 53
2023-12-08T21:47:50.927Z [Log] info: Solicitud recibida: DELETE /api/v1/usuarios/53
2023-12-08T21:47:50.953Z [Log] info: Eliminando la imagen anterior - Ruta: ./uploads/null
2023-12-08T21:47:50.954Z [Log] error: Error al eliminar la imagen anterior: ENOENT: no such file or directory, unlink 'C:\Users\Mario\Documents\Proyecto_FINAL\Servidor Node\uploads\null'
2023-12-08T21:47:50.954Z [Log] info: deleteOneUser - UserID: 53
2023-12-08T21:47:50.956Z [Log] info: deleteObjetivoForUser ejecutado exitosamente para el usuario 53
2023-12-08T21:47:50.958Z [Log] info: deletePreferenciaForUser ejecutado exitosamente para el usuario 53
2023-12-08T21:47:50.959Z [Log] info: deleteOneUser ejecutado exitosamente para userID: 53
2023-12-08T21:49:33.008Z [Log] info: Servidor escuchando en el puerto 3000
2023-12-08T21:50:29.816Z [Log] info: Servidor escuchando en el puerto 3000
2023-12-08T21:51:00.607Z [Log] info: Servidor escuchando en el puerto 3000
2023-12-08T21:51:31.952Z [Log] info: Solicitud recibida: POST /api/v1/usuarios/
2023-12-08T21:51:31.981Z [Log] info: getUserByNicknameOrEmail ejecutado exitosamente
2023-12-08T21:51:32.078Z [Log] info: createNewUser ejecutado exitosamente
2023-12-08T21:51:32.079Z [Log] info: createNewUser ejecutado exitosamente
2023-12-08T21:51:32.079Z [Log] error: Error al crear un nuevo usuario: preferenciaService is not defined
2023-12-08T21:51:32.082Z [Log] info: createObjetivoForUser ejecutado exitosamente para el usuario 54
2023-12-08T21:51:57.780Z [Log] info: Servidor escuchando en el puerto 3000
2023-12-08T21:51:59.408Z [Log] info: Solicitud recibida: POST /api/v1/usuarios/
2023-12-08T21:51:59.438Z [Log] info: getUserByNicknameOrEmail ejecutado exitosamente
2023-12-08T21:51:59.438Z [Log] warn: Ya existe un usuario con el mismo nickname o correo.
2023-12-08T21:52:26.248Z [Log] info: Solicitud recibida: DELETE /api/v1/usuarios/54
2023-12-08T21:52:26.276Z [Log] info: Eliminando la imagen anterior - Ruta: ./uploads/null
2023-12-08T21:52:26.276Z [Log] info: deletePreferenciaForUser ejecutado exitosamente para el usuario 54
2023-12-08T21:52:26.276Z [Log] error: Error al eliminar la imagen anterior: ENOENT: no such file or directory, unlink 'C:\Users\Mario\Documents\Proyecto_FINAL\Servidor Node\uploads\null'
2023-12-08T21:52:26.277Z [Log] info: deleteOneUser - UserID: 54
2023-12-08T21:52:26.277Z [Log] info: deleteObjetivoForUser ejecutado exitosamente para el usuario 54
2023-12-08T21:52:26.281Z [Log] info: deleteOneUser ejecutado exitosamente para userID: 54
2023-12-08T21:52:56.329Z [Log] info: Solicitud recibida: POST /api/v1/usuarios/
2023-12-08T21:52:56.353Z [Log] info: getUserByNicknameOrEmail ejecutado exitosamente
2023-12-08T21:52:56.452Z [Log] info: createNewUser ejecutado exitosamente
2023-12-08T21:52:56.452Z [Log] info: createNewUser ejecutado exitosamente
2023-12-08T21:52:56.454Z [Log] info: createObjetivoForUser ejecutado exitosamente para el usuario 55
2023-12-08T21:52:56.473Z [Log] info: createPreferenciaForUser ejecutado exitosamente para el usuario 55
2023-12-08T22:24:38.697Z [Log] info: Solicitud recibida: GET /api/v1/alimentos/apple
2023-12-08T22:24:38.843Z [Log] error: Error en getOneAlimento: la sintaxis de entrada no es válida para tipo integer: «apple»
2023-12-08T22:24:38.843Z [Log] error: Error en getOneAlimento: la sintaxis de entrada no es válida para tipo integer: «apple»
2023-12-08T22:31:26.479Z [Log] info: Solicitud recibida: GET /api/v1/alimentos/
2023-12-08T22:31:26.480Z [Log] error: Error en la verificación del token:
2023-12-08T22:31:26.481Z [Log] error: Error en la verificación del token: jwt expired
2023-12-08T22:31:32.393Z [Log] info: Solicitud recibida: POST /api/v1/usuarios/authenticate
2023-12-08T22:31:32.416Z [Log] info: getUserByEmail ejecutado exitosamente para email: mariobj1999@gmail.com
2023-12-08T22:31:32.460Z [Log] info: Autenticación exitosa
2023-12-08T22:31:32.460Z [Log] info: Autenticación exitosa. Token:
2023-12-08T22:31:54.719Z [Log] info: Solicitud recibida: GET /api/v1/alimentos/
2023-12-08T22:31:54.741Z [Log] info: getAlimentosByUserId ejecutado exitosamente para id_usuario: 47
2023-12-08T22:31:54.741Z [Log] info: getLocalAlimentosByUserId ejecutado exitosamente para id_usuario: 47
2023-12-08T22:31:57.713Z [Log] info: Solicitud recibida: GET /api/v1/alimentos/apple
2023-12-08T22:31:57.716Z [Log] error: Error en getOneAlimento: la sintaxis de entrada no es válida para tipo integer: «apple»
2023-12-08T22:31:57.716Z [Log] error: Error en getOneAlimento: la sintaxis de entrada no es válida para tipo integer: «apple»
2023-12-08T22:34:50.220Z [Log] info: Solicitud recibida: GET /api/v1/alimentos/
2023-12-08T22:34:50.246Z [Log] info: getAlimentosByUserId ejecutado exitosamente para id_usuario: 47
2023-12-08T22:34:50.246Z [Log] info: getLocalAlimentosByUserId ejecutado exitosamente para id_usuario: 47
2023-12-08T22:38:21.825Z [Log] info: Solicitud recibida: GET /api/v1/alimentos/?query=
2023-12-08T22:38:21.851Z [Log] info: getAlimentosByUserId ejecutado exitosamente para id_usuario: 47
2023-12-08T22:38:21.852Z [Log] info: getLocalAlimentosByUserId ejecutado exitosamente para id_usuario: 47
2023-12-08T22:38:26.118Z [Log] info: Solicitud recibida: GET /api/v1/alimentos/?query=manzana
2023-12-08T22:38:26.119Z [Log] info: Buscando en la external API: manzana
2023-12-08T22:38:26.120Z [Log] info: getAlimentosByNameAndUserId ejecutado exitosamente para nombre: manzana, id_usuario: 47
2023-12-08T22:38:26.120Z [Log] info: getLocalAlimentosByNameAndUserId ejecutado exitosamente para name: manzana y id_usuario: 47
2023-12-08T22:38:26.846Z [Log] info: getExternalAlimentos ejecutado exitosamente para query: manzana
2023-12-08T22:38:54.502Z [Log] info: Solicitud recibida: GET /api/v1/alimentos/?query=manzana
2023-12-08T22:38:54.503Z [Log] info: Buscando en la external API: manzana
2023-12-08T22:38:54.525Z [Log] info: getAlimentosByNameAndUserId ejecutado exitosamente para nombre: manzana, id_usuario: 47
2023-12-08T22:38:54.525Z [Log] info: getLocalAlimentosByNameAndUserId ejecutado exitosamente para name: manzana y id_usuario: 47
2023-12-08T22:38:55.226Z [Log] info: getExternalAlimentos ejecutado exitosamente para query: manzana
2023-12-08T22:38:58.860Z [Log] info: Solicitud recibida: GET /api/v1/alimentos/?query=Manzana
2023-12-08T22:38:58.861Z [Log] info: Buscando en la external API: Manzana
2023-12-08T22:38:58.862Z [Log] info: getAlimentosByNameAndUserId ejecutado exitosamente para nombre: Manzana, id_usuario: 47
2023-12-08T22:38:58.862Z [Log] info: getLocalAlimentosByNameAndUserId ejecutado exitosamente para name: Manzana y id_usuario: 47
2023-12-08T22:38:59.548Z [Log] info: getExternalAlimentos ejecutado exitosamente para query: Manzana
2023-12-08T22:39:04.167Z [Log] info: Solicitud recibida: GET /api/v1/alimentos/?query=apple
2023-12-08T22:39:04.169Z [Log] info: Buscando en la external API: apple
2023-12-08T22:39:04.169Z [Log] info: getAlimentosByNameAndUserId ejecutado exitosamente para nombre: apple, id_usuario: 47
2023-12-08T22:39:04.170Z [Log] info: getLocalAlimentosByNameAndUserId ejecutado exitosamente para name: apple y id_usuario: 47
2023-12-08T22:39:04.843Z [Log] info: getExternalAlimentos ejecutado exitosamente para query: apple
2023-12-08T22:39:10.306Z [Log] info: Solicitud recibida: GET /api/v1/alimentos/?query=pineapple
2023-12-08T22:39:10.307Z [Log] info: Buscando en la external API: pineapple
2023-12-08T22:39:10.308Z [Log] info: getAlimentosByNameAndUserId ejecutado exitosamente para nombre: pineapple, id_usuario: 47
2023-12-08T22:39:10.308Z [Log] info: getLocalAlimentosByNameAndUserId ejecutado exitosamente para name: pineapple y id_usuario: 47
2023-12-08T22:39:11.028Z [Log] info: getExternalAlimentos ejecutado exitosamente para query: pineapple
2023-12-08T22:42:54.815Z [Log] info: Servidor escuchando en el puerto 3000
2023-12-08T22:46:32.892Z [Log] info: Servidor escuchando en el puerto 3000
2023-12-08T22:48:56.068Z [Log] info: Servidor escuchando en el puerto 3000
2023-12-08T22:56:43.589Z [Log] info: Servidor escuchando en el puerto 3000
2023-12-08T22:58:18.529Z [Log] info: Solicitud recibida: POST /api/v1/alimentos/
2023-12-08T22:58:18.530Z [Log] error: Acceso no autorizado. Falta el token.
2023-12-08T22:59:20.757Z [Log] info: Solicitud recibida: POST /api/v1/usuarios/authenticate
2023-12-08T22:59:20.789Z [Log] info: getUserByEmail ejecutado exitosamente para email: mariobj1999@gmail.com
2023-12-08T22:59:20.834Z [Log] info: Autenticación exitosa
2023-12-08T22:59:20.835Z [Log] info: Autenticación exitosa. Token:
2023-12-08T22:59:42.448Z [Log] info: Solicitud recibida: POST /api/v1/alimentos/
2023-12-08T22:59:42.482Z [Log] info: createAlimento ejecutado exitosamente
2023-12-08T22:59:42.482Z [Log] info: createAlimento ejecutado exitosamente
2023-12-08T23:02:09.362Z [Log] info: Solicitud recibida: GET /api/v1/alimentos/?query=pineapple
2023-12-08T23:02:09.363Z [Log] error: Error en la verificación del token:
2023-12-08T23:02:09.364Z [Log] error: Error en la verificación del token: jwt expired
2023-12-08T23:02:15.504Z [Log] info: Solicitud recibida: GET /api/v1/alimentos/?query=pineapple
2023-12-08T23:02:15.505Z [Log] info: Buscando en la external API: pineapple
2023-12-08T23:02:15.529Z [Log] info: getAlimentosByNameAndUserId ejecutado exitosamente para nombre: pineapple, id_usuario: 47
2023-12-08T23:02:15.529Z [Log] info: getLocalAlimentosByNameAndUserId ejecutado exitosamente para name: pineapple y id_usuario: 47
2023-12-08T23:02:16.389Z [Log] info: getExternalAlimentos ejecutado exitosamente para query: pineapple
2023-12-08T23:02:20.874Z [Log] info: Solicitud recibida: GET /api/v1/alimentos/?query=manzana
2023-12-08T23:02:20.876Z [Log] info: Buscando en la external API: manzana
2023-12-08T23:02:20.877Z [Log] info: getAlimentosByNameAndUserId ejecutado exitosamente para nombre: manzana, id_usuario: 47
2023-12-08T23:02:20.877Z [Log] info: getLocalAlimentosByNameAndUserId ejecutado exitosamente para name: manzana y id_usuario: 47
2023-12-08T23:02:21.567Z [Log] info: getExternalAlimentos ejecutado exitosamente para query: manzana
2023-12-08T23:04:53.013Z [Log] info: Solicitud recibida: GET /api/v1/alimentos/?query=zanaoria
2023-12-08T23:04:53.014Z [Log] info: Buscando en la external API: zanaoria
2023-12-08T23:04:53.035Z [Log] info: getAlimentosByNameAndUserId ejecutado exitosamente para nombre: zanaoria, id_usuario: 47
2023-12-08T23:04:53.035Z [Log] info: getLocalAlimentosByNameAndUserId ejecutado exitosamente para name: zanaoria y id_usuario: 47
2023-12-08T23:04:53.733Z [Log] info: getExternalAlimentos ejecutado exitosamente para query: zanaoria
2023-12-08T23:04:55.965Z [Log] info: Solicitud recibida: GET /api/v1/alimentos/?query=zanahoria
2023-12-08T23:04:55.967Z [Log] info: Buscando en la external API: zanahoria
2023-12-08T23:04:55.968Z [Log] info: getAlimentosByNameAndUserId ejecutado exitosamente para nombre: zanahoria, id_usuario: 47
2023-12-08T23:04:55.968Z [Log] info: getLocalAlimentosByNameAndUserId ejecutado exitosamente para name: zanahoria y id_usuario: 47
2023-12-08T23:04:56.672Z [Log] info: getExternalAlimentos ejecutado exitosamente para query: zanahoria
2023-12-08T23:05:00.197Z [Log] info: Solicitud recibida: GET /api/v1/alimentos/?query=carrot
2023-12-08T23:05:00.198Z [Log] info: Buscando en la external API: carrot
2023-12-08T23:05:00.199Z [Log] info: getAlimentosByNameAndUserId ejecutado exitosamente para nombre: carrot, id_usuario: 47
2023-12-08T23:05:00.199Z [Log] info: getLocalAlimentosByNameAndUserId ejecutado exitosamente para name: carrot y id_usuario: 47
2023-12-08T23:05:01.160Z [Log] info: getExternalAlimentos ejecutado exitosamente para query: carrot
2023-12-08T23:11:52.815Z [Log] info: Servidor escuchando en el puerto 3000
2023-12-08T23:13:40.927Z [Log] info: Servidor escuchando en el puerto 3000
2023-12-08T23:13:42.600Z [Log] info: Solicitud recibida: GET /api/v1/alimentos/?query=carrot
2023-12-08T23:13:42.602Z [Log] error: Error en la verificación del token:
2023-12-08T23:13:42.602Z [Log] error: Error en la verificación del token: jwt expired
2023-12-08T23:14:17.237Z [Log] info: Servidor escuchando en el puerto 3000
2023-12-08T23:14:28.782Z [Log] info: Servidor escuchando en el puerto 3000
2023-12-08T23:14:41.119Z [Log] info: Solicitud recibida: POST /api/v1/usuarios/authenticate
2023-12-08T23:14:41.149Z [Log] info: getUserByEmail ejecutado exitosamente para email: mariobj1999@gmail.com
2023-12-08T23:14:41.194Z [Log] info: Autenticación exitosa
2023-12-08T23:14:41.195Z [Log] info: Autenticación exitosa. Token:
2023-12-08T23:14:53.108Z [Log] info: Solicitud recibida: GET /api/v1/alimentos/?query=carrot
2023-12-08T23:14:53.111Z [Log] info: Buscando en la external API: carrot
2023-12-08T23:14:53.137Z [Log] info: getAlimentosByNameAndUserId ejecutado exitosamente para nombre: carrot, id_usuario: 47
2023-12-08T23:14:53.137Z [Log] info: getLocalAlimentosByNameAndUserId ejecutado exitosamente para name: carrot y id_usuario: 47
2023-12-08T23:14:54.130Z [Log] info: getExternalAlimentos ejecutado exitosamente para query: carrot
2023-12-08T23:16:01.526Z [Log] info: Servidor escuchando en el puerto 3000
2023-12-08T23:16:15.256Z [Log] info: Solicitud recibida: GET /api/v1/alimentos/?query=zanahoria
2023-12-08T23:16:15.258Z [Log] info: Buscando en la external API: zanahoria
2023-12-08T23:16:15.261Z [Log] error: Error en getAllAlimentos: Cannot read properties of undefined (reading 'text')
2023-12-08T23:20:44.196Z [Log] info: Servidor escuchando en el puerto 3000
2023-12-08T23:22:44.548Z [Log] info: Servidor escuchando en el puerto 3000
2023-12-08T23:22:48.050Z [Log] info: Solicitud recibida: POST /api/v1/usuarios/authenticate
2023-12-08T23:22:48.080Z [Log] info: getUserByEmail ejecutado exitosamente para email: mariobj1999@gmail.com
2023-12-08T23:22:48.126Z [Log] info: Autenticación exitosa
2023-12-08T23:22:48.126Z [Log] info: Autenticación exitosa. Token:
2023-12-08T23:22:56.220Z [Log] info: Solicitud recibida: GET /api/v1/alimentos/?query=zanahoria
2023-12-08T23:22:56.222Z [Log] info: Buscando en la external API: zanahoria
2023-12-08T23:22:57.665Z [Log] info: getAlimentosByNameAndUserId ejecutado exitosamente para nombre: zanahoria, id_usuario: 47
2023-12-08T23:22:57.665Z [Log] info: getLocalAlimentosByNameAndUserId ejecutado exitosamente para name: zanahoria y id_usuario: 47
2023-12-08T23:22:58.519Z [Log] info: getExternalAlimentos ejecutado exitosamente para query: Texto no disponible
2023-12-08T23:23:26.216Z [Log] info: Solicitud recibida: GET /api/v1/alimentos/?query=zanahoria
2023-12-08T23:23:26.217Z [Log] info: Buscando en la external API: zanahoria
2023-12-08T23:23:26.960Z [Log] info: getAlimentosByNameAndUserId ejecutado exitosamente para nombre: zanahoria, id_usuario: 47
2023-12-08T23:23:26.960Z [Log] info: getLocalAlimentosByNameAndUserId ejecutado exitosamente para name: zanahoria y id_usuario: 47
2023-12-08T23:23:27.700Z [Log] info: getExternalAlimentos ejecutado exitosamente para query: Texto no disponible
2023-12-08T23:23:38.368Z [Log] info: Solicitud recibida: GET /api/v1/alimentos/?query=zanahoria
2023-12-08T23:23:38.370Z [Log] info: Buscando en la external API: zanahoria
2023-12-08T23:23:39.117Z [Log] info: getAlimentosByNameAndUserId ejecutado exitosamente para nombre: zanahoria, id_usuario: 47
2023-12-08T23:23:39.117Z [Log] info: getLocalAlimentosByNameAndUserId ejecutado exitosamente para name: zanahoria y id_usuario: 47
2023-12-08T23:23:39.798Z [Log] info: getExternalAlimentos ejecutado exitosamente para query: Texto no disponible
2023-12-08T23:23:58.593Z [Log] info: Solicitud recibida: GET /api/v1/alimentos/?query=manzana
2023-12-08T23:23:58.595Z [Log] info: Buscando en la external API: manzana
2023-12-08T23:24:00.267Z [Log] info: getAlimentosByNameAndUserId ejecutado exitosamente para nombre: manzana, id_usuario: 47
2023-12-08T23:24:00.267Z [Log] info: getLocalAlimentosByNameAndUserId ejecutado exitosamente para name: manzana y id_usuario: 47
2023-12-08T23:24:01.094Z [Log] info: getExternalAlimentos ejecutado exitosamente para query: Texto no disponible
2023-12-08T23:27:17.379Z [Log] info: Servidor escuchando en el puerto 3000
2023-12-08T23:27:22.089Z [Log] info: Solicitud recibida: POST /api/v1/usuarios/authenticate
2023-12-08T23:27:22.118Z [Log] info: getUserByEmail ejecutado exitosamente para email: mariobj1999@gmail.com
2023-12-08T23:27:22.162Z [Log] info: Autenticación exitosa
2023-12-08T23:27:22.163Z [Log] info: Autenticación exitosa. Token:
2023-12-08T23:27:29.826Z [Log] info: Solicitud recibida: GET /api/v1/alimentos/?query=manzana
2023-12-08T23:27:29.828Z [Log] info: Buscando en la external API: manzana
2023-12-08T23:27:30.621Z [Log] info: getAlimentosByNameAndUserId ejecutado exitosamente para nombre: manzana, id_usuario: 47
2023-12-08T23:27:30.621Z [Log] info: getLocalAlimentosByNameAndUserId ejecutado exitosamente para name: manzana y id_usuario: 47
2023-12-08T23:27:31.386Z [Log] info: getExternalAlimentos ejecutado exitosamente para query: Texto no disponible
2023-12-08T23:27:42.077Z [Log] info: Solicitud recibida: GET /api/v1/alimentos/?query=apple
2023-12-08T23:27:42.078Z [Log] info: Buscando en la external API: apple
2023-12-08T23:27:42.813Z [Log] info: getAlimentosByNameAndUserId ejecutado exitosamente para nombre: apple, id_usuario: 47
2023-12-08T23:27:42.814Z [Log] info: getLocalAlimentosByNameAndUserId ejecutado exitosamente para name: apple y id_usuario: 47
2023-12-08T23:27:43.505Z [Log] info: getExternalAlimentos ejecutado exitosamente para query: Texto no disponible
2023-12-08T23:28:30.751Z [Log] info: Solicitud recibida: GET /api/v1/alimentos/?query=manzana
2023-12-08T23:28:30.752Z [Log] info: Buscando en la external API: manzana
2023-12-08T23:28:31.477Z [Log] info: getAlimentosByNameAndUserId ejecutado exitosamente para nombre: manzana, id_usuario: 47
2023-12-08T23:28:31.478Z [Log] info: getLocalAlimentosByNameAndUserId ejecutado exitosamente para name: manzana y id_usuario: 47
2023-12-08T23:28:32.345Z [Log] info: getExternalAlimentos ejecutado exitosamente para query: Texto no disponible
2023-12-08T23:29:46.898Z [Log] info: Servidor escuchando en el puerto 3000
2023-12-08T23:29:50.226Z [Log] info: Solicitud recibida: GET /api/v1/alimentos/?query=manzana
2023-12-08T23:29:50.229Z [Log] info: Buscando en la external API: manzana
2023-12-08T23:29:51.023Z [Log] info: getAlimentosByNameAndUserId ejecutado exitosamente para nombre: manzana, id_usuario: 47
2023-12-08T23:29:51.024Z [Log] info: getLocalAlimentosByNameAndUserId ejecutado exitosamente para name: manzana y id_usuario: 47
2023-12-08T23:29:51.767Z [Log] info: getExternalAlimentos ejecutado exitosamente para query: Texto no disponible
2023-12-08T23:30:21.348Z [Log] info: Solicitud recibida: GET /api/v1/alimentos/?query=manzana
2023-12-08T23:30:21.350Z [Log] info: Buscando en la external API: manzana
2023-12-08T23:30:22.154Z [Log] info: getAlimentosByNameAndUserId ejecutado exitosamente para nombre: manzana, id_usuario: 47
2023-12-08T23:30:22.154Z [Log] info: getLocalAlimentosByNameAndUserId ejecutado exitosamente para name: manzana y id_usuario: 47
2023-12-08T23:30:22.847Z [Log] info: getExternalAlimentos ejecutado exitosamente para query: Texto no disponible
2023-12-08T23:40:10.330Z [Log] info: Servidor escuchando en el puerto 3000
2023-12-08T23:40:15.335Z [Log] info: Solicitud recibida: POST /api/v1/usuarios/authenticate
2023-12-08T23:40:15.372Z [Log] info: getUserByEmail ejecutado exitosamente para email: mariobj1999@gmail.com
2023-12-08T23:40:15.418Z [Log] info: Autenticación exitosa
2023-12-08T23:40:15.418Z [Log] info: Autenticación exitosa. Token:
2023-12-08T23:40:22.657Z [Log] info: Solicitud recibida: GET /api/v1/alimentos/?query=manzana
2023-12-08T23:40:22.660Z [Log] info: Buscando en la external API: manzana
2023-12-08T23:40:22.684Z [Log] info: getAlimentosByNameAndUserId ejecutado exitosamente para nombre: manzana, id_usuario: 47
2023-12-08T23:40:22.684Z [Log] info: getLocalAlimentosByNameAndUserId ejecutado exitosamente para name: manzana y id_usuario: 47
2023-12-08T23:40:23.432Z [Log] info: getExternalAlimentos ejecutado exitosamente para query: undefined
2023-12-08T23:42:11.764Z [Log] info: Servidor escuchando en el puerto 3000
2023-12-08T23:42:28.025Z [Log] info: Solicitud recibida: GET /api/v1/alimentos/?query=manzana
2023-12-08T23:42:28.028Z [Log] info: Buscando en la external API: manzana
2023-12-08T23:42:28.689Z [Log] info: getAlimentosByNameAndUserId ejecutado exitosamente para nombre: manzana, id_usuario: 47
2023-12-08T23:42:28.689Z [Log] info: getLocalAlimentosByNameAndUserId ejecutado exitosamente para name: manzana y id_usuario: 47
2023-12-08T23:42:29.432Z [Log] info: getExternalAlimentos ejecutado exitosamente para query: apple
2023-12-08T23:44:22.080Z [Log] info: Servidor escuchando en el puerto 3000
2023-12-08T23:44:24.259Z [Log] info: Solicitud recibida: GET /api/v1/alimentos/?query=manzana
2023-12-08T23:44:24.262Z [Log] info: Buscando en la external API: manzana
2023-12-08T23:44:24.836Z [Log] info: getAlimentosByNameAndUserId ejecutado exitosamente para nombre: manzana, id_usuario: 47
2023-12-08T23:44:24.837Z [Log] info: getLocalAlimentosByNameAndUserId ejecutado exitosamente para name: manzana y id_usuario: 47
2023-12-08T23:44:25.734Z [Log] info: getExternalAlimentos ejecutado exitosamente para query: apple
2023-12-08T23:44:51.529Z [Log] info: Servidor escuchando en el puerto 3000
2023-12-08T23:44:52.907Z [Log] info: Solicitud recibida: GET /api/v1/alimentos/?query=manzana
2023-12-08T23:44:52.910Z [Log] info: Buscando en la external API: manzana
2023-12-08T23:44:53.534Z [Log] info: getAlimentosByNameAndUserId ejecutado exitosamente para nombre: manzana, id_usuario: 47
2023-12-08T23:44:53.534Z [Log] info: getLocalAlimentosByNameAndUserId ejecutado exitosamente para name: manzana y id_usuario: 47
2023-12-08T23:44:54.257Z [Log] info: getExternalAlimentos ejecutado exitosamente para query: apple
2023-12-08T23:45:15.238Z [Log] info: Solicitud recibida: GET /api/v1/alimentos/?query=tarta%20de%20queso
2023-12-08T23:45:15.240Z [Log] info: Buscando en la external API: tarta de queso
2023-12-08T23:45:15.807Z [Log] info: getAlimentosByNameAndUserId ejecutado exitosamente para nombre: tarta de queso, id_usuario: 47
2023-12-08T23:45:15.807Z [Log] info: getLocalAlimentosByNameAndUserId ejecutado exitosamente para name: tarta de queso y id_usuario: 47
2023-12-08T23:45:16.493Z [Log] info: getExternalAlimentos ejecutado exitosamente para query: cheesecake
2023-12-08T23:45:24.246Z [Log] info: Solicitud recibida: GET /api/v1/alimentos/?query=panceta
2023-12-08T23:45:24.248Z [Log] info: Buscando en la external API: panceta
2023-12-08T23:45:24.814Z [Log] info: getAlimentosByNameAndUserId ejecutado exitosamente para nombre: panceta, id_usuario: 47
2023-12-08T23:45:24.814Z [Log] info: getLocalAlimentosByNameAndUserId ejecutado exitosamente para name: panceta y id_usuario: 47
2023-12-08T23:45:25.557Z [Log] info: getExternalAlimentos ejecutado exitosamente para query: bacon
2023-12-08T23:49:06.379Z [Log] info: Solicitud recibida: GET /api/v1/alimentos/?query=maanza
2023-12-08T23:49:06.380Z [Log] info: Buscando en la external API: maanza
2023-12-08T23:49:07.101Z [Log] info: getAlimentosByNameAndUserId ejecutado exitosamente para nombre: maanza, id_usuario: 47
2023-12-08T23:49:07.101Z [Log] info: getLocalAlimentosByNameAndUserId ejecutado exitosamente para name: maanza y id_usuario: 47
2023-12-08T23:49:07.997Z [Log] info: getExternalAlimentos ejecutado exitosamente para query: maanza
2023-12-08T23:49:11.939Z [Log] info: Solicitud recibida: GET /api/v1/alimentos/?query=manzana
2023-12-08T23:49:11.941Z [Log] info: Buscando en la external API: manzana
2023-12-08T23:49:12.486Z [Log] info: getAlimentosByNameAndUserId ejecutado exitosamente para nombre: manzana, id_usuario: 47
2023-12-08T23:49:12.486Z [Log] info: getLocalAlimentosByNameAndUserId ejecutado exitosamente para name: manzana y id_usuario: 47
2023-12-08T23:49:13.179Z [Log] info: getExternalAlimentos ejecutado exitosamente para query: apple
2023-12-08T23:57:19.718Z [Log] info: Servidor escuchando en el puerto 3000
2023-12-08T23:57:39.710Z [Log] info: Servidor escuchando en el puerto 3000
2023-12-08T23:57:49.122Z [Log] info: Servidor escuchando en el puerto 3000
2023-12-09T00:36:10.980Z [Log] info: Servidor escuchando en el puerto 3000
2023-12-09T00:44:41.067Z [Log] info: Solicitud recibida: GET /api/v1/consumo/1
2023-12-09T00:50:47.841Z [Log] info: Servidor escuchando en el puerto 3000
2023-12-09T00:52:29.821Z [Log] info: Solicitud recibida: POST /api/v1/consumo/
2023-12-09T00:57:37.050Z [Log] info: Servidor escuchando en el puerto 3000
2023-12-09T00:57:41.385Z [Log] info: Solicitud recibida: POST /api/v1/consumo/
2023-12-09T00:57:58.578Z [Log] info: Solicitud recibida: POST /api/v1/usuarios/authenticate
2023-12-09T00:57:58.610Z [Log] info: getUserByEmail ejecutado exitosamente para email: mariobj1999@gmail.com
2023-12-09T00:57:58.655Z [Log] info: Autenticación exitosa
2023-12-09T00:57:58.656Z [Log] info: Autenticación exitosa. Token:
2023-12-09T00:58:33.662Z [Log] info: Solicitud recibida: POST /api/v1/consumo/
2023-12-09T01:10:12.206Z [Log] info: Servidor escuchando en el puerto 3000
2023-12-09T01:12:22.242Z [Log] info: Solicitud recibida: POST /api/v1/consumo/
2023-12-09T01:14:08.155Z [Log] info: Servidor escuchando en el puerto 3000
2023-12-09T01:14:09.407Z [Log] info: Solicitud recibida: POST /api/v1/consumo/
2023-12-09T01:15:48.543Z [Log] info: Servidor escuchando en el puerto 3000
2023-12-09T01:16:34.426Z [Log] info: Solicitud recibida: POST /api/v1/nutricion/
2023-12-09T01:17:33.399Z [Log] info: Servidor escuchando en el puerto 3000
2023-12-09T01:17:34.724Z [Log] info: Solicitud recibida: POST /api/v1/nutricion/
2023-12-09T01:17:34.756Z [Log] error: Error en createConsumo: inserción o actualización en la tabla «consumo» viola la llave foránea «fk_consumo_usuario»
2023-12-09T01:18:16.403Z [Log] info: Solicitud recibida: POST /api/v1/usuarios/authenticate
2023-12-09T01:18:16.428Z [Log] info: getUserByEmail ejecutado exitosamente para email: mariobj1999@gmail.com
2023-12-09T01:18:16.474Z [Log] info: Autenticación exitosa
2023-12-09T01:18:16.475Z [Log] info: Autenticación exitosa. Token:
2023-12-09T01:18:22.610Z [Log] info: Solicitud recibida: POST /api/v1/usuarios/authenticate
2023-12-09T01:18:22.611Z [Log] info: getUserByEmail ejecutado exitosamente para email: mariobj1999@gmail.com
2023-12-09T01:18:22.654Z [Log] info: Autenticación exitosa
2023-12-09T01:18:22.655Z [Log] info: Autenticación exitosa. Token:
2023-12-09T01:19:28.239Z [Log] info: Solicitud recibida: GET /api/v1/alimentos/local
2023-12-09T01:19:28.262Z [Log] info: getAllAlimentos ejecutado exitosamente
2023-12-09T01:19:28.262Z [Log] info: getLocalAlimentos ejecutado exitosamente
2023-12-09T01:21:47.239Z [Log] info: Servidor escuchando en el puerto 3000
2023-12-09T01:22:28.298Z [Log] info: Servidor escuchando en el puerto 3000
2023-12-09T01:23:10.597Z [Log] info: Servidor escuchando en el puerto 3000
2023-12-09T01:24:34.236Z [Log] info: Servidor escuchando en el puerto 3000
2023-12-09T01:24:41.417Z [Log] info: Solicitud recibida: POST /api/v1/nutricion/
2023-12-09T01:24:46.334Z [Log] info: Solicitud recibida: POST /api/v1/nutricion/
2023-12-09T01:25:03.525Z [Log] info: Servidor escuchando en el puerto 3000
2023-12-09T01:25:04.517Z [Log] info: Solicitud recibida: POST /api/v1/nutricion/
2023-12-09T01:25:04.517Z [Log] error: Acceso no autorizado. Falta el token.
2023-12-09T01:25:10.063Z [Log] info: Solicitud recibida: POST /api/v1/usuarios/authenticate
2023-12-09T01:25:10.093Z [Log] info: getUserByEmail ejecutado exitosamente para email: mariobj1999@gmail.com
2023-12-09T01:25:10.137Z [Log] info: Autenticación exitosa
2023-12-09T01:25:10.137Z [Log] info: Autenticación exitosa. Token:
2023-12-09T01:25:20.319Z [Log] info: Solicitud recibida: POST /api/v1/nutricion/
2023-12-09T01:25:20.346Z [Log] error: Error en createConsumo: la sintaxis de entrada no es válida para tipo integer: «Ejemplo Alimento»
2023-12-09T01:31:32.428Z [Log] info: Servidor escuchando en el puerto 3000
2023-12-09T01:31:34.775Z [Log] info: Solicitud recibida: GET /api/v1/alimentos/local
2023-12-09T01:31:34.803Z [Log] info: getAllAlimentos ejecutado exitosamente
2023-12-09T01:31:34.803Z [Log] info: getLocalAlimentos ejecutado exitosamente
2023-12-09T01:31:37.796Z [Log] info: Solicitud recibida: POST /api/v1/nutricion/
2023-12-09T01:31:37.802Z [Log] error: Error en createConsumo: la sintaxis de entrada no es válida para tipo integer: «Ejemplo Alimento»
2023-12-09T01:32:08.681Z [Log] info: Servidor escuchando en el puerto 3000
2023-12-09T01:32:09.935Z [Log] info: Solicitud recibida: POST /api/v1/nutricion/
2023-12-09T01:32:09.969Z [Log] error: Error en createConsumo: la sintaxis de entrada no es válida para tipo integer: «Ejemplo Alimento»
2023-12-09T01:33:47.932Z [Log] info: Servidor escuchando en el puerto 3000
2023-12-09T01:33:51.853Z [Log] info: Solicitud recibida: POST /api/v1/nutricion/
2023-12-09T01:33:58.747Z [Log] info: Solicitud recibida: GET /api/v1/alimentos/local
2023-12-09T01:33:58.749Z [Log] info: getAllAlimentos ejecutado exitosamente
2023-12-09T01:33:58.750Z [Log] info: getLocalAlimentos ejecutado exitosamente
2023-12-09T01:34:06.206Z [Log] info: Solicitud recibida: GET /api/v1/consumo/
2023-12-09T01:34:11.061Z [Log] info: Servidor escuchando en el puerto 3000
2023-12-09T01:34:18.070Z [Log] info: Solicitud recibida: GET /api/v1/consumo/
2023-12-09T01:34:30.226Z [Log] info: Solicitud recibida: GET /api/v1/nutricion/
2023-12-09T01:34:30.227Z [Log] error: Acceso no autorizado. Falta el token.
2023-12-09T01:34:33.546Z [Log] info: Solicitud recibida: POST /api/v1/usuarios/authenticate
2023-12-09T01:34:33.577Z [Log] info: getUserByEmail ejecutado exitosamente para email: mariobj1999@gmail.com
2023-12-09T01:34:33.622Z [Log] info: Autenticación exitosa
2023-12-09T01:34:33.623Z [Log] info: Autenticación exitosa. Token:
2023-12-09T01:34:44.483Z [Log] info: Solicitud recibida: POST /api/v1/nutricion/
2023-12-09T01:35:13.917Z [Log] info: Solicitud recibida: GET /api/v1/nutricion/
2023-12-09T01:35:13.918Z [Log] error: Acceso no autorizado. Falta el token.
2023-12-09T01:35:40.618Z [Log] info: Solicitud recibida: GET /api/v1/nutricion/
2023-12-09T01:36:39.923Z [Log] info: Solicitud recibida: GET /api/v1/nutricion/
2023-12-09T01:40:02.960Z [Log] info: Servidor escuchando en el puerto 3000
2023-12-09T01:40:08.255Z [Log] info: Servidor escuchando en el puerto 3000
2023-12-09T01:40:20.450Z [Log] info: Servidor escuchando en el puerto 3000
2023-12-09T01:40:26.223Z [Log] info: Solicitud recibida: GET /api/v1/nutricion/
2023-12-09T02:04:16.984Z [Log] info: Servidor escuchando en el puerto 3000
2023-12-09T02:04:19.203Z [Log] info: Servidor escuchando en el puerto 3000
