2023-12-06T18:08:45.806Z [Log] error: Error en la verificación del token:
2023-12-06T18:08:45.807Z [Log] error: Error en la verificación del token: jwt expired
2023-12-06T18:23:43.763Z [Log] error: Error en la verificación del token:
2023-12-06T18:23:43.764Z [Log] error: Error en la verificación del token: jwt expired
2023-12-06T18:23:58.980Z [Log] error: Error en updateOneUser: No hay propiedades para actualizar.
2023-12-08T02:19:20.254Z [Log] error: Acceso no autorizado. Falta el token.
2023-12-08T19:55:59.885Z [Log] error: Error en la verificación del token:
2023-12-08T19:55:59.885Z [Log] error: Error en la verificación del token: jwt expired
2023-12-08T21:03:20.432Z [Log] error: Error en createObjetivoForUser: el valor nulo en la columna «id» de la relación «objetivo» viola la restricción de no nulo
2023-12-08T21:03:20.433Z [Log] error: Error en createObjetivoForUser: el valor nulo en la columna «id» de la relación «objetivo» viola la restricción de no nulo
2023-12-08T21:03:20.433Z [Log] error: Error al crear un nuevo usuario: el valor nulo en la columna «id» de la relación «objetivo» viola la restricción de no nulo
2023-12-08T21:20:51.481Z [Log] error: Acceso no autorizado. Falta el token.
2023-12-08T21:21:16.150Z [Log] error: Error al eliminar la imagen anterior: ENOENT: no such file or directory, unlink 'C:\Users\Mario\Documents\Proyecto_FINAL\Servidor Node\uploads\null'
2023-12-08T21:25:04.658Z [Log] error: Error en updateObjetivoForUser: el valor nulo en la columna «objetivo_calorias» de la relación «objetivo» viola la restricción de no nulo
2023-12-08T21:25:04.659Z [Log] error: Error en updateObjetivoForUser: el valor nulo en la columna «objetivo_calorias» de la relación «objetivo» viola la restricción de no nulo
2023-12-08T21:25:04.659Z [Log] error: Error al actualizar el objetivo para el usuario 50: el valor nulo en la columna «objetivo_calorias» de la relación «objetivo» viola la restricción de no nulo
2023-12-08T21:42:54.184Z [Log] error: Error en la verificación del token:
2023-12-08T21:42:54.185Z [Log] error: Error en la verificación del token: jwt expired
2023-12-08T21:43:17.767Z [Log] error: Error al eliminar la imagen anterior: ENOENT: no such file or directory, unlink 'C:\Users\Mario\Documents\Proyecto_FINAL\Servidor Node\uploads\null'
2023-12-08T21:43:17.775Z [Log] error: Error en deleteOneUser: update o delete en «usuario» viola la llave foránea «fk_objetivo_usuario» en la tabla «objetivo»
2023-12-08T21:43:17.775Z [Log] error: Error en deleteOneUser: update o delete en «usuario» viola la llave foránea «fk_objetivo_usuario» en la tabla «objetivo»
2023-12-08T21:45:39.081Z [Log] error: Error al crear un nuevo usuario: preferenciaService is not defined
2023-12-08T21:47:50.954Z [Log] error: Error al eliminar la imagen anterior: ENOENT: no such file or directory, unlink 'C:\Users\Mario\Documents\Proyecto_FINAL\Servidor Node\uploads\null'
2023-12-08T21:51:32.079Z [Log] error: Error al crear un nuevo usuario: preferenciaService is not defined
2023-12-08T21:52:26.276Z [Log] error: Error al eliminar la imagen anterior: ENOENT: no such file or directory, unlink 'C:\Users\Mario\Documents\Proyecto_FINAL\Servidor Node\uploads\null'
2023-12-08T22:24:38.843Z [Log] error: Error en getOneAlimento: la sintaxis de entrada no es válida para tipo integer: «apple»
2023-12-08T22:24:38.843Z [Log] error: Error en getOneAlimento: la sintaxis de entrada no es válida para tipo integer: «apple»
2023-12-08T22:31:26.480Z [Log] error: Error en la verificación del token:
2023-12-08T22:31:26.481Z [Log] error: Error en la verificación del token: jwt expired
2023-12-08T22:31:57.716Z [Log] error: Error en getOneAlimento: la sintaxis de entrada no es válida para tipo integer: «apple»
2023-12-08T22:31:57.716Z [Log] error: Error en getOneAlimento: la sintaxis de entrada no es válida para tipo integer: «apple»
2023-12-08T22:58:18.530Z [Log] error: Acceso no autorizado. Falta el token.
2023-12-08T23:02:09.363Z [Log] error: Error en la verificación del token:
2023-12-08T23:02:09.364Z [Log] error: Error en la verificación del token: jwt expired
2023-12-08T23:13:42.602Z [Log] error: Error en la verificación del token:
2023-12-08T23:13:42.602Z [Log] error: Error en la verificación del token: jwt expired
2023-12-08T23:16:15.261Z [Log] error: Error en getAllAlimentos: Cannot read properties of undefined (reading 'text')
2023-12-09T01:17:34.756Z [Log] error: Error en createConsumo: inserción o actualización en la tabla «consumo» viola la llave foránea «fk_consumo_usuario»
2023-12-09T01:25:04.517Z [Log] error: Acceso no autorizado. Falta el token.
2023-12-09T01:25:20.346Z [Log] error: Error en createConsumo: la sintaxis de entrada no es válida para tipo integer: «Ejemplo Alimento»
2023-12-09T01:31:37.802Z [Log] error: Error en createConsumo: la sintaxis de entrada no es válida para tipo integer: «Ejemplo Alimento»
2023-12-09T01:32:09.969Z [Log] error: Error en createConsumo: la sintaxis de entrada no es válida para tipo integer: «Ejemplo Alimento»
2023-12-09T01:34:30.227Z [Log] error: Acceso no autorizado. Falta el token.
2023-12-09T01:35:13.918Z [Log] error: Acceso no autorizado. Falta el token.
